{
  "/Users/dev_young_uk/Desktop/dev/CSE-undergrad-gp-manage-v2/config/index.js": {
    "path": "/Users/dev_young_uk/Desktop/dev/CSE-undergrad-gp-manage-v2/config/index.js",
    "statementMap": {
      "0": { "start": { "line": 1, "column": 13 }, "end": { "line": 1, "column": 28 } },
      "1": { "start": { "line": 2, "column": 0 }, "end": { "line": 2, "column": 71 } },
      "2": { "start": { "line": 5, "column": 2 }, "end": { "line": 7, "column": 3 } },
      "3": { "start": { "line": 6, "column": 4 }, "end": { "line": 6, "column": 21 } },
      "4": { "start": { "line": 9, "column": 21 }, "end": { "line": 9, "column": 55 } },
      "5": { "start": { "line": 10, "column": 2 }, "end": { "line": 12, "column": 3 } },
      "6": { "start": { "line": 11, "column": 4 }, "end": { "line": 11, "column": 16 } },
      "7": { "start": { "line": 13, "column": 2 }, "end": { "line": 15, "column": 3 } },
      "8": { "start": { "line": 14, "column": 4 }, "end": { "line": 14, "column": 17 } },
      "9": { "start": { "line": 17, "column": 2 }, "end": { "line": 17, "column": 19 } },
      "10": { "start": { "line": 21, "column": 2 }, "end": { "line": 23, "column": 3 } },
      "11": { "start": { "line": 22, "column": 4 }, "end": { "line": 22, "column": 21 } },
      "12": { "start": { "line": 25, "column": 14 }, "end": { "line": 25, "column": 27 } },
      "13": { "start": { "line": 26, "column": 2 }, "end": { "line": 26, "column": 45 } },
      "14": { "start": { "line": 30, "column": 17 }, "end": { "line": 30, "column": 61 } },
      "15": { "start": { "line": 31, "column": 2 }, "end": { "line": 31, "column": 30 } },
      "16": { "start": { "line": 32, "column": 2 }, "end": { "line": 32, "column": 36 } },
      "17": { "start": { "line": 33, "column": 2 }, "end": { "line": 33, "column": 40 } },
      "18": { "start": { "line": 34, "column": 2 }, "end": { "line": 34, "column": 36 } },
      "19": { "start": { "line": 36, "column": 15 }, "end": { "line": 36, "column": 40 } },
      "20": { "start": { "line": 36, "column": 24 }, "end": { "line": 36, "column": 40 } },
      "21": { "start": { "line": 38, "column": 15 }, "end": { "line": 38, "column": 40 } },
      "22": { "start": { "line": 39, "column": 2 }, "end": { "line": 39, "column": 45 } },
      "23": { "start": { "line": 39, "column": 26 }, "end": { "line": 39, "column": 45 } },
      "24": { "start": { "line": 41, "column": 17 }, "end": { "line": 41, "column": 32 } },
      "25": { "start": { "line": 42, "column": 2 }, "end": { "line": 42, "column": 52 } },
      "26": { "start": { "line": 42, "column": 28 }, "end": { "line": 42, "column": 52 } },
      "27": { "start": { "line": 44, "column": 17 }, "end": { "line": 44, "column": 36 } },
      "28": { "start": { "line": 45, "column": 2 }, "end": { "line": 45, "column": 56 } },
      "29": { "start": { "line": 45, "column": 28 }, "end": { "line": 45, "column": 56 } },
      "30": { "start": { "line": 47, "column": 21 }, "end": { "line": 47, "column": 40 } },
      "31": { "start": { "line": 48, "column": 2 }, "end": { "line": 48, "column": 64 } },
      "32": { "start": { "line": 48, "column": 32 }, "end": { "line": 48, "column": 64 } },
      "33": { "start": { "line": 50, "column": 17 }, "end": { "line": 50, "column": 36 } },
      "34": { "start": { "line": 51, "column": 2 }, "end": { "line": 51, "column": 56 } },
      "35": { "start": { "line": 51, "column": 28 }, "end": { "line": 51, "column": 56 } },
      "36": { "start": { "line": 53, "column": 20 }, "end": { "line": 53, "column": 38 } },
      "37": { "start": { "line": 54, "column": 2 }, "end": { "line": 54, "column": 61 } },
      "38": { "start": { "line": 54, "column": 31 }, "end": { "line": 54, "column": 61 } },
      "39": { "start": { "line": 56, "column": 17 }, "end": { "line": 56, "column": 32 } },
      "40": { "start": { "line": 57, "column": 2 }, "end": { "line": 57, "column": 52 } },
      "41": { "start": { "line": 57, "column": 28 }, "end": { "line": 57, "column": 52 } },
      "42": { "start": { "line": 59, "column": 21 }, "end": { "line": 59, "column": 40 } },
      "43": { "start": { "line": 60, "column": 2 }, "end": { "line": 60, "column": 64 } },
      "44": { "start": { "line": 60, "column": 32 }, "end": { "line": 60, "column": 64 } },
      "45": { "start": { "line": 62, "column": 20 }, "end": { "line": 62, "column": 52 } },
      "46": { "start": { "line": 63, "column": 2 }, "end": { "line": 63, "column": 61 } },
      "47": { "start": { "line": 63, "column": 31 }, "end": { "line": 63, "column": 61 } },
      "48": { "start": { "line": 65, "column": 27 }, "end": { "line": 65, "column": 66 } },
      "49": { "start": { "line": 66, "column": 2 }, "end": { "line": 69, "column": 3 } },
      "50": { "start": { "line": 67, "column": 4 }, "end": { "line": 67, "column": 62 } },
      "51": { "start": { "line": 68, "column": 4 }, "end": { "line": 68, "column": 63 } },
      "52": { "start": { "line": 71, "column": 26 }, "end": { "line": 71, "column": 51 } },
      "53": { "start": { "line": 72, "column": 2 }, "end": { "line": 72, "column": 80 } },
      "54": { "start": { "line": 72, "column": 37 }, "end": { "line": 72, "column": 80 } },
      "55": { "start": { "line": 74, "column": 29 }, "end": { "line": 74, "column": 76 } },
      "56": { "start": { "line": 75, "column": 2 }, "end": { "line": 75, "column": 95 } },
      "57": { "start": { "line": 75, "column": 40 }, "end": { "line": 75, "column": 95 } },
      "58": { "start": { "line": 77, "column": 36 }, "end": { "line": 77, "column": 91 } },
      "59": { "start": { "line": 78, "column": 2 }, "end": { "line": 80, "column": 3 } },
      "60": { "start": { "line": 79, "column": 4 }, "end": { "line": 79, "column": 74 } },
      "61": { "start": { "line": 82, "column": 24 }, "end": { "line": 82, "column": 46 } },
      "62": { "start": { "line": 83, "column": 2 }, "end": { "line": 83, "column": 73 } },
      "63": { "start": { "line": 83, "column": 35 }, "end": { "line": 83, "column": 73 } },
      "64": { "start": { "line": 85, "column": 24 }, "end": { "line": 85, "column": 46 } },
      "65": { "start": { "line": 86, "column": 2 }, "end": { "line": 86, "column": 73 } },
      "66": { "start": { "line": 86, "column": 35 }, "end": { "line": 86, "column": 73 } },
      "67": { "start": { "line": 88, "column": 20 }, "end": { "line": 88, "column": 51 } },
      "68": { "start": { "line": 89, "column": 2 }, "end": { "line": 89, "column": 61 } },
      "69": { "start": { "line": 89, "column": 31 }, "end": { "line": 89, "column": 61 } },
      "70": { "start": { "line": 91, "column": 25 }, "end": { "line": 91, "column": 49 } },
      "71": { "start": { "line": 92, "column": 2 }, "end": { "line": 92, "column": 76 } },
      "72": { "start": { "line": 92, "column": 36 }, "end": { "line": 92, "column": 76 } },
      "73": { "start": { "line": 94, "column": 25 }, "end": { "line": 94, "column": 49 } },
      "74": { "start": { "line": 95, "column": 2 }, "end": { "line": 95, "column": 76 } },
      "75": { "start": { "line": 95, "column": 36 }, "end": { "line": 95, "column": 76 } },
      "76": { "start": { "line": 97, "column": 22 }, "end": { "line": 97, "column": 42 } },
      "77": { "start": { "line": 98, "column": 2 }, "end": { "line": 98, "column": 67 } },
      "78": { "start": { "line": 98, "column": 33 }, "end": { "line": 98, "column": 67 } },
      "79": { "start": { "line": 100, "column": 2 }, "end": { "line": 100, "column": 16 } },
      "80": { "start": { "line": 103, "column": 19 }, "end": { "line": 133, "column": 1 } },
      "81": { "start": { "line": 135, "column": 0 }, "end": { "line": 135, "column": 38 } }
    },
    "fnMap": {
      "0": {
        "name": "parseBoolean",
        "decl": { "start": { "line": 4, "column": 9 }, "end": { "line": 4, "column": 21 } },
        "loc": { "start": { "line": 4, "column": 29 }, "end": { "line": 18, "column": 1 } },
        "line": 4
      },
      "1": {
        "name": "parseNumber",
        "decl": { "start": { "line": 20, "column": 9 }, "end": { "line": 20, "column": 20 } },
        "loc": { "start": { "line": 20, "column": 28 }, "end": { "line": 27, "column": 1 } },
        "line": 20
      },
      "2": {
        "name": "applyEnv",
        "decl": { "start": { "line": 29, "column": 9 }, "end": { "line": 29, "column": 17 } },
        "loc": { "start": { "line": 29, "column": 30 }, "end": { "line": 101, "column": 1 } },
        "line": 29
      },
      "3": {
        "name": "(anonymous_3)",
        "decl": { "start": { "line": 36, "column": 15 }, "end": { "line": 36, "column": 16 } },
        "loc": { "start": { "line": 36, "column": 24 }, "end": { "line": 36, "column": 40 } },
        "line": 36
      }
    },
    "branchMap": {
      "0": {
        "loc": { "start": { "line": 5, "column": 2 }, "end": { "line": 7, "column": 3 } },
        "type": "if",
        "locations": [
          { "start": { "line": 5, "column": 2 }, "end": { "line": 7, "column": 3 } },
          { "start": {}, "end": {} }
        ],
        "line": 5
      },
      "1": {
        "loc": { "start": { "line": 10, "column": 2 }, "end": { "line": 12, "column": 3 } },
        "type": "if",
        "locations": [
          { "start": { "line": 10, "column": 2 }, "end": { "line": 12, "column": 3 } },
          { "start": {}, "end": {} }
        ],
        "line": 10
      },
      "2": {
        "loc": { "start": { "line": 13, "column": 2 }, "end": { "line": 15, "column": 3 } },
        "type": "if",
        "locations": [
          { "start": { "line": 13, "column": 2 }, "end": { "line": 15, "column": 3 } },
          { "start": {}, "end": {} }
        ],
        "line": 13
      },
      "3": {
        "loc": { "start": { "line": 21, "column": 2 }, "end": { "line": 23, "column": 3 } },
        "type": "if",
        "locations": [
          { "start": { "line": 21, "column": 2 }, "end": { "line": 23, "column": 3 } },
          { "start": {}, "end": {} }
        ],
        "line": 21
      },
      "4": {
        "loc": { "start": { "line": 21, "column": 6 }, "end": { "line": 21, "column": 41 } },
        "type": "binary-expr",
        "locations": [
          { "start": { "line": 21, "column": 6 }, "end": { "line": 21, "column": 25 } },
          { "start": { "line": 21, "column": 29 }, "end": { "line": 21, "column": 41 } }
        ],
        "line": 21
      },
      "5": {
        "loc": { "start": { "line": 26, "column": 9 }, "end": { "line": 26, "column": 44 } },
        "type": "cond-expr",
        "locations": [
          { "start": { "line": 26, "column": 29 }, "end": { "line": 26, "column": 38 } },
          { "start": { "line": 26, "column": 41 }, "end": { "line": 26, "column": 44 } }
        ],
        "line": 26
      },
      "6": {
        "loc": { "start": { "line": 30, "column": 43 }, "end": { "line": 30, "column": 59 } },
        "type": "binary-expr",
        "locations": [
          { "start": { "line": 30, "column": 43 }, "end": { "line": 30, "column": 53 } },
          { "start": { "line": 30, "column": 57 }, "end": { "line": 30, "column": 59 } }
        ],
        "line": 30
      },
      "7": {
        "loc": { "start": { "line": 31, "column": 14 }, "end": { "line": 31, "column": 29 } },
        "type": "binary-expr",
        "locations": [
          { "start": { "line": 31, "column": 14 }, "end": { "line": 31, "column": 23 } },
          { "start": { "line": 31, "column": 27 }, "end": { "line": 31, "column": 29 } }
        ],
        "line": 31
      },
      "8": {
        "loc": { "start": { "line": 32, "column": 17 }, "end": { "line": 32, "column": 35 } },
        "type": "binary-expr",
        "locations": [
          { "start": { "line": 32, "column": 17 }, "end": { "line": 32, "column": 29 } },
          { "start": { "line": 32, "column": 33 }, "end": { "line": 32, "column": 35 } }
        ],
        "line": 32
      },
      "9": {
        "loc": { "start": { "line": 33, "column": 19 }, "end": { "line": 33, "column": 39 } },
        "type": "binary-expr",
        "locations": [
          { "start": { "line": 33, "column": 19 }, "end": { "line": 33, "column": 33 } },
          { "start": { "line": 33, "column": 37 }, "end": { "line": 33, "column": 39 } }
        ],
        "line": 33
      },
      "10": {
        "loc": { "start": { "line": 34, "column": 17 }, "end": { "line": 34, "column": 35 } },
        "type": "binary-expr",
        "locations": [
          { "start": { "line": 34, "column": 17 }, "end": { "line": 34, "column": 29 } },
          { "start": { "line": 34, "column": 33 }, "end": { "line": 34, "column": 35 } }
        ],
        "line": 34
      },
      "11": {
        "loc": { "start": { "line": 39, "column": 2 }, "end": { "line": 39, "column": 45 } },
        "type": "if",
        "locations": [
          { "start": { "line": 39, "column": 2 }, "end": { "line": 39, "column": 45 } },
          { "start": {}, "end": {} }
        ],
        "line": 39
      },
      "12": {
        "loc": { "start": { "line": 42, "column": 2 }, "end": { "line": 42, "column": 52 } },
        "type": "if",
        "locations": [
          { "start": { "line": 42, "column": 2 }, "end": { "line": 42, "column": 52 } },
          { "start": {}, "end": {} }
        ],
        "line": 42
      },
      "13": {
        "loc": { "start": { "line": 45, "column": 2 }, "end": { "line": 45, "column": 56 } },
        "type": "if",
        "locations": [
          { "start": { "line": 45, "column": 2 }, "end": { "line": 45, "column": 56 } },
          { "start": {}, "end": {} }
        ],
        "line": 45
      },
      "14": {
        "loc": { "start": { "line": 48, "column": 2 }, "end": { "line": 48, "column": 64 } },
        "type": "if",
        "locations": [
          { "start": { "line": 48, "column": 2 }, "end": { "line": 48, "column": 64 } },
          { "start": {}, "end": {} }
        ],
        "line": 48
      },
      "15": {
        "loc": { "start": { "line": 51, "column": 2 }, "end": { "line": 51, "column": 56 } },
        "type": "if",
        "locations": [
          { "start": { "line": 51, "column": 2 }, "end": { "line": 51, "column": 56 } },
          { "start": {}, "end": {} }
        ],
        "line": 51
      },
      "16": {
        "loc": { "start": { "line": 54, "column": 2 }, "end": { "line": 54, "column": 61 } },
        "type": "if",
        "locations": [
          { "start": { "line": 54, "column": 2 }, "end": { "line": 54, "column": 61 } },
          { "start": {}, "end": {} }
        ],
        "line": 54
      },
      "17": {
        "loc": { "start": { "line": 57, "column": 2 }, "end": { "line": 57, "column": 52 } },
        "type": "if",
        "locations": [
          { "start": { "line": 57, "column": 2 }, "end": { "line": 57, "column": 52 } },
          { "start": {}, "end": {} }
        ],
        "line": 57
      },
      "18": {
        "loc": { "start": { "line": 60, "column": 2 }, "end": { "line": 60, "column": 64 } },
        "type": "if",
        "locations": [
          { "start": { "line": 60, "column": 2 }, "end": { "line": 60, "column": 64 } },
          { "start": {}, "end": {} }
        ],
        "line": 60
      },
      "19": {
        "loc": { "start": { "line": 63, "column": 2 }, "end": { "line": 63, "column": 61 } },
        "type": "if",
        "locations": [
          { "start": { "line": 63, "column": 2 }, "end": { "line": 63, "column": 61 } },
          { "start": {}, "end": {} }
        ],
        "line": 63
      },
      "20": {
        "loc": { "start": { "line": 66, "column": 2 }, "end": { "line": 69, "column": 3 } },
        "type": "if",
        "locations": [
          { "start": { "line": 66, "column": 2 }, "end": { "line": 69, "column": 3 } },
          { "start": {}, "end": {} }
        ],
        "line": 66
      },
      "21": {
        "loc": { "start": { "line": 67, "column": 31 }, "end": { "line": 67, "column": 61 } },
        "type": "binary-expr",
        "locations": [
          { "start": { "line": 67, "column": 31 }, "end": { "line": 67, "column": 55 } },
          { "start": { "line": 67, "column": 59 }, "end": { "line": 67, "column": 61 } }
        ],
        "line": 67
      },
      "22": {
        "loc": { "start": { "line": 72, "column": 2 }, "end": { "line": 72, "column": 80 } },
        "type": "if",
        "locations": [
          { "start": { "line": 72, "column": 2 }, "end": { "line": 72, "column": 80 } },
          { "start": {}, "end": {} }
        ],
        "line": 72
      },
      "23": {
        "loc": { "start": { "line": 75, "column": 2 }, "end": { "line": 75, "column": 95 } },
        "type": "if",
        "locations": [
          { "start": { "line": 75, "column": 2 }, "end": { "line": 75, "column": 95 } },
          { "start": {}, "end": {} }
        ],
        "line": 75
      },
      "24": {
        "loc": { "start": { "line": 78, "column": 2 }, "end": { "line": 80, "column": 3 } },
        "type": "if",
        "locations": [
          { "start": { "line": 78, "column": 2 }, "end": { "line": 80, "column": 3 } },
          { "start": {}, "end": {} }
        ],
        "line": 78
      },
      "25": {
        "loc": { "start": { "line": 83, "column": 2 }, "end": { "line": 83, "column": 73 } },
        "type": "if",
        "locations": [
          { "start": { "line": 83, "column": 2 }, "end": { "line": 83, "column": 73 } },
          { "start": {}, "end": {} }
        ],
        "line": 83
      },
      "26": {
        "loc": { "start": { "line": 86, "column": 2 }, "end": { "line": 86, "column": 73 } },
        "type": "if",
        "locations": [
          { "start": { "line": 86, "column": 2 }, "end": { "line": 86, "column": 73 } },
          { "start": {}, "end": {} }
        ],
        "line": 86
      },
      "27": {
        "loc": { "start": { "line": 89, "column": 2 }, "end": { "line": 89, "column": 61 } },
        "type": "if",
        "locations": [
          { "start": { "line": 89, "column": 2 }, "end": { "line": 89, "column": 61 } },
          { "start": {}, "end": {} }
        ],
        "line": 89
      },
      "28": {
        "loc": { "start": { "line": 92, "column": 2 }, "end": { "line": 92, "column": 76 } },
        "type": "if",
        "locations": [
          { "start": { "line": 92, "column": 2 }, "end": { "line": 92, "column": 76 } },
          { "start": {}, "end": {} }
        ],
        "line": 92
      },
      "29": {
        "loc": { "start": { "line": 95, "column": 2 }, "end": { "line": 95, "column": 76 } },
        "type": "if",
        "locations": [
          { "start": { "line": 95, "column": 2 }, "end": { "line": 95, "column": 76 } },
          { "start": {}, "end": {} }
        ],
        "line": 95
      },
      "30": {
        "loc": { "start": { "line": 98, "column": 2 }, "end": { "line": 98, "column": 67 } },
        "type": "if",
        "locations": [
          { "start": { "line": 98, "column": 2 }, "end": { "line": 98, "column": 67 } },
          { "start": {}, "end": {} }
        ],
        "line": 98
      }
    },
    "s": {
      "0": 9,
      "1": 9,
      "2": 9,
      "3": 7,
      "4": 2,
      "5": 2,
      "6": 1,
      "7": 1,
      "8": 1,
      "9": 0,
      "10": 45,
      "11": 40,
      "12": 5,
      "13": 5,
      "14": 9,
      "15": 9,
      "16": 9,
      "17": 9,
      "18": 9,
      "19": 9,
      "20": 171,
      "21": 9,
      "22": 9,
      "23": 1,
      "24": 9,
      "25": 9,
      "26": 1,
      "27": 9,
      "28": 9,
      "29": 1,
      "30": 9,
      "31": 9,
      "32": 1,
      "33": 9,
      "34": 9,
      "35": 1,
      "36": 9,
      "37": 9,
      "38": 0,
      "39": 9,
      "40": 9,
      "41": 1,
      "42": 9,
      "43": 9,
      "44": 0,
      "45": 9,
      "46": 9,
      "47": 2,
      "48": 9,
      "49": 9,
      "50": 1,
      "51": 1,
      "52": 9,
      "53": 9,
      "54": 1,
      "55": 9,
      "56": 9,
      "57": 1,
      "58": 9,
      "59": 9,
      "60": 1,
      "61": 9,
      "62": 9,
      "63": 1,
      "64": 9,
      "65": 9,
      "66": 1,
      "67": 9,
      "68": 9,
      "69": 1,
      "70": 9,
      "71": 9,
      "72": 1,
      "73": 9,
      "74": 9,
      "75": 1,
      "76": 9,
      "77": 9,
      "78": 1,
      "79": 9,
      "80": 9,
      "81": 9
    },
    "f": { "0": 9, "1": 45, "2": 9, "3": 171 },
    "b": {
      "0": [7, 2],
      "1": [1, 1],
      "2": [1, 0],
      "3": [40, 5],
      "4": [45, 5],
      "5": [0, 5],
      "6": [9, 0],
      "7": [9, 0],
      "8": [9, 0],
      "9": [9, 0],
      "10": [9, 0],
      "11": [1, 8],
      "12": [1, 8],
      "13": [1, 8],
      "14": [1, 8],
      "15": [1, 8],
      "16": [0, 9],
      "17": [1, 8],
      "18": [0, 9],
      "19": [2, 7],
      "20": [1, 8],
      "21": [1, 0],
      "22": [1, 8],
      "23": [1, 8],
      "24": [1, 8],
      "25": [1, 8],
      "26": [1, 8],
      "27": [1, 8],
      "28": [1, 8],
      "29": [1, 8],
      "30": [1, 8]
    },
    "_coverageSchema": "1a1c01bbd47fc00a2c39e90264f33305004495a9",
    "hash": "f4909ebfe3006ad333e3d33720e546d41ab2eb9e"
  },
  "/Users/dev_young_uk/Desktop/dev/CSE-undergrad-gp-manage-v2/lib/minio_storage.js": {
    "path": "/Users/dev_young_uk/Desktop/dev/CSE-undergrad-gp-manage-v2/lib/minio_storage.js",
    "statementMap": {
      "0": { "start": { "line": 1, "column": 11 }, "end": { "line": 1, "column": 24 } },
      "1": { "start": { "line": 2, "column": 13 }, "end": { "line": 2, "column": 28 } },
      "2": { "start": { "line": 3, "column": 14 }, "end": { "line": 3, "column": 30 } },
      "3": { "start": { "line": 4, "column": 15 }, "end": { "line": 4, "column": 35 } },
      "4": { "start": { "line": 6, "column": 20 }, "end": { "line": 6, "column": 38 } },
      "5": { "start": { "line": 8, "column": 2 }, "end": { "line": 11, "column": 22 } },
      "6": { "start": { "line": 13, "column": 13 }, "end": { "line": 13, "column": 17 } },
      "7": { "start": { "line": 16, "column": 2 }, "end": { "line": 18, "column": 3 } },
      "8": { "start": { "line": 17, "column": 4 }, "end": { "line": 17, "column": 16 } },
      "9": { "start": { "line": 20, "column": 14 }, "end": { "line": 20, "column": 42 } },
      "10": { "start": { "line": 21, "column": 2 }, "end": { "line": 23, "column": 3 } },
      "11": { "start": { "line": 22, "column": 4 }, "end": { "line": 22, "column": 16 } },
      "12": { "start": { "line": 25, "column": 21 }, "end": { "line": 25, "column": 71 } },
      "13": { "start": { "line": 26, "column": 14 }, "end": { "line": 26, "column": 33 } },
      "14": { "start": { "line": 28, "column": 15 }, "end": { "line": 28, "column": 67 } },
      "15": { "start": { "line": 30, "column": 2 }, "end": { "line": 34, "column": 4 } },
      "16": { "start": { "line": 37, "column": 0 }, "end": { "line": 50, "column": 1 } },
      "17": { "start": { "line": 38, "column": 19 }, "end": { "line": 38, "column": 79 } },
      "18": { "start": { "line": 39, "column": 2 }, "end": { "line": 45, "column": 5 } },
      "19": { "start": { "line": 47, "column": 2 }, "end": { "line": 49, "column": 3 } },
      "20": { "start": { "line": 48, "column": 4 }, "end": { "line": 48, "column": 55 } },
      "21": { "start": { "line": 53, "column": 2 }, "end": { "line": 55, "column": 3 } },
      "22": { "start": { "line": 54, "column": 4 }, "end": { "line": 54, "column": 85 } },
      "23": { "start": { "line": 59, "column": 20 }, "end": { "line": 61, "column": 78 } },
      "24": { "start": { "line": 61, "column": 19 }, "end": { "line": 61, "column": 77 } },
      "25": { "start": { "line": 62, "column": 21 }, "end": { "line": 62, "column": 123 } },
      "26": { "start": { "line": 63, "column": 18 }, "end": { "line": 63, "column": 63 } },
      "27": { "start": { "line": 64, "column": 19 }, "end": { "line": 64, "column": 45 } },
      "28": { "start": { "line": 65, "column": 19 }, "end": { "line": 65, "column": 74 } },
      "29": { "start": { "line": 66, "column": 2 }, "end": { "line": 66, "column": 47 } },
      "30": { "start": { "line": 70, "column": 2 }, "end": { "line": 70, "column": 21 } },
      "31": { "start": { "line": 71, "column": 2 }, "end": { "line": 84, "column": 5 } },
      "32": { "start": { "line": 72, "column": 21 }, "end": { "line": 72, "column": 71 } },
      "33": { "start": { "line": 73, "column": 4 }, "end": { "line": 83, "column": 7 } },
      "34": { "start": { "line": 74, "column": 6 }, "end": { "line": 76, "column": 20 } },
      "35": { "start": { "line": 75, "column": 8 }, "end": { "line": 75, "column": 32 } },
      "36": { "start": { "line": 78, "column": 6 }, "end": { "line": 81, "column": 7 } },
      "37": { "start": { "line": 79, "column": 8 }, "end": { "line": 79, "column": 20 } },
      "38": { "start": { "line": 80, "column": 8 }, "end": { "line": 80, "column": 15 } },
      "39": { "start": { "line": 82, "column": 6 }, "end": { "line": 82, "column": 25 } },
      "40": { "start": { "line": 88, "column": 2 }, "end": { "line": 89, "column": 82 } },
      "41": { "start": { "line": 89, "column": 32 }, "end": { "line": 89, "column": 80 } },
      "42": { "start": { "line": 93, "column": 2 }, "end": { "line": 93, "column": 21 } },
      "43": { "start": { "line": 94, "column": 2 }, "end": { "line": 111, "column": 5 } },
      "44": { "start": { "line": 95, "column": 4 }, "end": { "line": 110, "column": 7 } },
      "45": { "start": { "line": 96, "column": 6 }, "end": { "line": 99, "column": 7 } },
      "46": { "start": { "line": 97, "column": 8 }, "end": { "line": 97, "column": 20 } },
      "47": { "start": { "line": 98, "column": 8 }, "end": { "line": 98, "column": 15 } },
      "48": { "start": { "line": 101, "column": 26 }, "end": { "line": 101, "column": 78 } },
      "49": { "start": { "line": 102, "column": 6 }, "end": { "line": 102, "column": 90 } },
      "50": { "start": { "line": 103, "column": 6 }, "end": { "line": 105, "column": 7 } },
      "51": { "start": { "line": 104, "column": 8 }, "end": { "line": 104, "column": 51 } },
      "52": { "start": { "line": 107, "column": 6 }, "end": { "line": 107, "column": 33 } },
      "53": { "start": { "line": 108, "column": 6 }, "end": { "line": 108, "column": 32 } },
      "54": { "start": { "line": 109, "column": 6 }, "end": { "line": 109, "column": 23 } },
      "55": { "start": { "line": 115, "column": 2 }, "end": { "line": 115, "column": 21 } },
      "56": { "start": { "line": 116, "column": 2 }, "end": { "line": 124, "column": 5 } },
      "57": { "start": { "line": 117, "column": 4 }, "end": { "line": 123, "column": 7 } },
      "58": { "start": { "line": 118, "column": 6 }, "end": { "line": 121, "column": 7 } },
      "59": { "start": { "line": 119, "column": 8 }, "end": { "line": 119, "column": 20 } },
      "60": { "start": { "line": 120, "column": 8 }, "end": { "line": 120, "column": 15 } },
      "61": { "start": { "line": 122, "column": 6 }, "end": { "line": 122, "column": 16 } },
      "62": { "start": { "line": 128, "column": 2 }, "end": { "line": 128, "column": 15 } },
      "63": { "start": { "line": 132, "column": 2 }, "end": { "line": 134, "column": 3 } },
      "64": { "start": { "line": 133, "column": 4 }, "end": { "line": 133, "column": 29 } },
      "65": { "start": { "line": 136, "column": 2 }, "end": { "line": 146, "column": 3 } },
      "66": { "start": { "line": 137, "column": 4 }, "end": { "line": 145, "column": 7 } },
      "67": { "start": { "line": 138, "column": 6 }, "end": { "line": 144, "column": 9 } },
      "68": { "start": { "line": 139, "column": 8 }, "end": { "line": 142, "column": 9 } },
      "69": { "start": { "line": 140, "column": 10 }, "end": { "line": 140, "column": 22 } },
      "70": { "start": { "line": 141, "column": 10 }, "end": { "line": 141, "column": 17 } },
      "71": { "start": { "line": 143, "column": 8 }, "end": { "line": 143, "column": 18 } },
      "72": { "start": { "line": 148, "column": 2 }, "end": { "line": 148, "column": 34 } },
      "73": { "start": { "line": 152, "column": 2 }, "end": { "line": 154, "column": 3 } },
      "74": { "start": { "line": 153, "column": 4 }, "end": { "line": 153, "column": 61 } },
      "75": { "start": { "line": 156, "column": 2 }, "end": { "line": 169, "column": 3 } },
      "76": { "start": { "line": 157, "column": 4 }, "end": { "line": 168, "column": 7 } },
      "77": { "start": { "line": 158, "column": 26 }, "end": { "line": 158, "column": 79 } },
      "78": { "start": { "line": 159, "column": 6 }, "end": { "line": 159, "column": 90 } },
      "79": { "start": { "line": 160, "column": 6 }, "end": { "line": 162, "column": 7 } },
      "80": { "start": { "line": 161, "column": 8 }, "end": { "line": 161, "column": 51 } },
      "81": { "start": { "line": 164, "column": 25 }, "end": { "line": 164, "column": 56 } },
      "82": { "start": { "line": 165, "column": 6 }, "end": { "line": 165, "column": 37 } },
      "83": { "start": { "line": 166, "column": 6 }, "end": { "line": 166, "column": 36 } },
      "84": { "start": { "line": 167, "column": 6 }, "end": { "line": 167, "column": 27 } },
      "85": { "start": { "line": 171, "column": 2 }, "end": { "line": 171, "column": 70 } },
      "86": { "start": { "line": 174, "column": 0 }, "end": { "line": 179, "column": 2 } }
    },
    "fnMap": {
      "0": {
        "name": "resolveMinioEndpoint",
        "decl": { "start": { "line": 15, "column": 9 }, "end": { "line": 15, "column": 29 } },
        "loc": { "start": { "line": 15, "column": 59 }, "end": { "line": 35, "column": 1 } },
        "line": 15
      },
      "1": {
        "name": "assertConfigured",
        "decl": { "start": { "line": 52, "column": 9 }, "end": { "line": 52, "column": 25 } },
        "loc": { "start": { "line": 52, "column": 28 }, "end": { "line": 56, "column": 1 } },
        "line": 52
      },
      "2": {
        "name": "makeObjectKey",
        "decl": { "start": { "line": 58, "column": 9 }, "end": { "line": 58, "column": 22 } },
        "loc": { "start": { "line": 58, "column": 44 }, "end": { "line": 67, "column": 1 } },
        "line": 58
      },
      "3": {
        "name": "(anonymous_3)",
        "decl": { "start": { "line": 61, "column": 9 }, "end": { "line": 61, "column": 10 } },
        "loc": { "start": { "line": 61, "column": 19 }, "end": { "line": 61, "column": 77 } },
        "line": 61
      },
      "4": {
        "name": "uploadTempFile",
        "decl": { "start": { "line": 69, "column": 9 }, "end": { "line": 69, "column": 23 } },
        "loc": { "start": { "line": 69, "column": 58 }, "end": { "line": 85, "column": 1 } },
        "line": 69
      },
      "5": {
        "name": "(anonymous_5)",
        "decl": { "start": { "line": 71, "column": 21 }, "end": { "line": 71, "column": 22 } },
        "loc": { "start": { "line": 71, "column": 42 }, "end": { "line": 84, "column": 3 } },
        "line": 71
      },
      "6": {
        "name": "(anonymous_6)",
        "decl": { "start": { "line": 73, "column": 73 }, "end": { "line": 73, "column": 74 } },
        "loc": { "start": { "line": 73, "column": 82 }, "end": { "line": 83, "column": 5 } },
        "line": 73
      },
      "7": {
        "name": "encodeFileName",
        "decl": { "start": { "line": 87, "column": 9 }, "end": { "line": 87, "column": 23 } },
        "loc": { "start": { "line": 87, "column": 30 }, "end": { "line": 90, "column": 1 } },
        "line": 87
      },
      "8": {
        "name": "(anonymous_8)",
        "decl": { "start": { "line": 89, "column": 25 }, "end": { "line": 89, "column": 26 } },
        "loc": { "start": { "line": 89, "column": 32 }, "end": { "line": 89, "column": 80 } },
        "line": 89
      },
      "9": {
        "name": "sendObjectToResponse",
        "decl": { "start": { "line": 92, "column": 9 }, "end": { "line": 92, "column": 29 } },
        "loc": { "start": { "line": 92, "column": 69 }, "end": { "line": 112, "column": 1 } },
        "line": 92
      },
      "10": {
        "name": "(anonymous_10)",
        "decl": { "start": { "line": 94, "column": 21 }, "end": { "line": 94, "column": 22 } },
        "loc": { "start": { "line": 94, "column": 42 }, "end": { "line": 111, "column": 3 } },
        "line": 94
      },
      "11": {
        "name": "(anonymous_11)",
        "decl": { "start": { "line": 95, "column": 52 }, "end": { "line": 95, "column": 53 } },
        "loc": { "start": { "line": 95, "column": 69 }, "end": { "line": 110, "column": 5 } },
        "line": 95
      },
      "12": {
        "name": "removeObject",
        "decl": { "start": { "line": 114, "column": 9 }, "end": { "line": 114, "column": 21 } },
        "loc": { "start": { "line": 114, "column": 33 }, "end": { "line": 125, "column": 1 } },
        "line": 114
      },
      "13": {
        "name": "(anonymous_13)",
        "decl": { "start": { "line": 116, "column": 21 }, "end": { "line": 116, "column": 22 } },
        "loc": { "start": { "line": 116, "column": 42 }, "end": { "line": 124, "column": 3 } },
        "line": 116
      },
      "14": {
        "name": "(anonymous_14)",
        "decl": { "start": { "line": 117, "column": 55 }, "end": { "line": 117, "column": 56 } },
        "loc": { "start": { "line": 117, "column": 64 }, "end": { "line": 123, "column": 5 } },
        "line": 117
      },
      "15": {
        "name": "isLocalStaticPath",
        "decl": { "start": { "line": 127, "column": 9 }, "end": { "line": 127, "column": 26 } },
        "loc": { "start": { "line": 127, "column": 29 }, "end": { "line": 129, "column": 1 } },
        "line": 127
      },
      "16": {
        "name": "removeStoredFile",
        "decl": { "start": { "line": 131, "column": 9 }, "end": { "line": 131, "column": 25 } },
        "loc": { "start": { "line": 131, "column": 38 }, "end": { "line": 149, "column": 1 } },
        "line": 131
      },
      "17": {
        "name": "(anonymous_17)",
        "decl": { "start": { "line": 137, "column": 23 }, "end": { "line": 137, "column": 24 } },
        "loc": { "start": { "line": 137, "column": 44 }, "end": { "line": 145, "column": 5 } },
        "line": 137
      },
      "18": {
        "name": "(anonymous_18)",
        "decl": { "start": { "line": 138, "column": 28 }, "end": { "line": 138, "column": 29 } },
        "loc": { "start": { "line": 138, "column": 37 }, "end": { "line": 144, "column": 7 } },
        "line": 138
      },
      "19": {
        "name": "sendStoredFileToResponse",
        "decl": { "start": { "line": 151, "column": 9 }, "end": { "line": 151, "column": 33 } },
        "loc": { "start": { "line": 151, "column": 74 }, "end": { "line": 172, "column": 1 } },
        "line": 151
      },
      "20": {
        "name": "(anonymous_20)",
        "decl": { "start": { "line": 157, "column": 23 }, "end": { "line": 157, "column": 24 } },
        "loc": { "start": { "line": 157, "column": 44 }, "end": { "line": 168, "column": 5 } },
        "line": 157
      }
    },
    "branchMap": {
      "0": {
        "loc": { "start": { "line": 6, "column": 20 }, "end": { "line": 6, "column": 38 } },
        "type": "binary-expr",
        "locations": [
          { "start": { "line": 6, "column": 20 }, "end": { "line": 6, "column": 32 } },
          { "start": { "line": 6, "column": 36 }, "end": { "line": 6, "column": 38 } }
        ],
        "line": 6
      },
      "1": {
        "loc": { "start": { "line": 8, "column": 2 }, "end": { "line": 11, "column": 22 } },
        "type": "binary-expr",
        "locations": [
          { "start": { "line": 8, "column": 2 }, "end": { "line": 8, "column": 24 } },
          { "start": { "line": 9, "column": 2 }, "end": { "line": 9, "column": 25 } },
          { "start": { "line": 10, "column": 2 }, "end": { "line": 10, "column": 25 } },
          { "start": { "line": 11, "column": 2 }, "end": { "line": 11, "column": 22 } }
        ],
        "line": 8
      },
      "2": {
        "loc": { "start": { "line": 16, "column": 2 }, "end": { "line": 18, "column": 3 } },
        "type": "if",
        "locations": [
          { "start": { "line": 16, "column": 2 }, "end": { "line": 18, "column": 3 } },
          { "start": {}, "end": {} }
        ],
        "line": 16
      },
      "3": {
        "loc": { "start": { "line": 21, "column": 2 }, "end": { "line": 23, "column": 3 } },
        "type": "if",
        "locations": [
          { "start": { "line": 21, "column": 2 }, "end": { "line": 23, "column": 3 } },
          { "start": {}, "end": {} }
        ],
        "line": 21
      },
      "4": {
        "loc": { "start": { "line": 25, "column": 21 }, "end": { "line": 25, "column": 71 } },
        "type": "cond-expr",
        "locations": [
          { "start": { "line": 25, "column": 49 }, "end": { "line": 25, "column": 52 } },
          { "start": { "line": 25, "column": 55 }, "end": { "line": 25, "column": 71 } }
        ],
        "line": 25
      },
      "5": {
        "loc": { "start": { "line": 28, "column": 15 }, "end": { "line": 28, "column": 67 } },
        "type": "binary-expr",
        "locations": [
          { "start": { "line": 28, "column": 15 }, "end": { "line": 28, "column": 27 } },
          { "start": { "line": 28, "column": 32 }, "end": { "line": 28, "column": 66 } }
        ],
        "line": 28
      },
      "6": {
        "loc": { "start": { "line": 28, "column": 32 }, "end": { "line": 28, "column": 66 } },
        "type": "cond-expr",
        "locations": [
          { "start": { "line": 28, "column": 43 }, "end": { "line": 28, "column": 59 } },
          { "start": { "line": 28, "column": 62 }, "end": { "line": 28, "column": 66 } }
        ],
        "line": 28
      },
      "7": {
        "loc": { "start": { "line": 37, "column": 0 }, "end": { "line": 50, "column": 1 } },
        "type": "if",
        "locations": [
          { "start": { "line": 37, "column": 0 }, "end": { "line": 50, "column": 1 } },
          { "start": {}, "end": {} }
        ],
        "line": 37
      },
      "8": {
        "loc": { "start": { "line": 47, "column": 2 }, "end": { "line": 49, "column": 3 } },
        "type": "if",
        "locations": [
          { "start": { "line": 47, "column": 2 }, "end": { "line": 49, "column": 3 } },
          { "start": {}, "end": {} }
        ],
        "line": 47
      },
      "9": {
        "loc": { "start": { "line": 53, "column": 2 }, "end": { "line": 55, "column": 3 } },
        "type": "if",
        "locations": [
          { "start": { "line": 53, "column": 2 }, "end": { "line": 55, "column": 3 } },
          { "start": {}, "end": {} }
        ],
        "line": 53
      },
      "10": {
        "loc": { "start": { "line": 59, "column": 21 }, "end": { "line": 59, "column": 32 } },
        "type": "binary-expr",
        "locations": [
          { "start": { "line": 59, "column": 21 }, "end": { "line": 59, "column": 26 } },
          { "start": { "line": 59, "column": 30 }, "end": { "line": 59, "column": 32 } }
        ],
        "line": 59
      },
      "11": {
        "loc": { "start": { "line": 62, "column": 28 }, "end": { "line": 62, "column": 76 } },
        "type": "binary-expr",
        "locations": [
          { "start": { "line": 62, "column": 29 }, "end": { "line": 62, "column": 41 } },
          { "start": { "line": 62, "column": 45 }, "end": { "line": 62, "column": 69 } },
          { "start": { "line": 62, "column": 74 }, "end": { "line": 62, "column": 76 } }
        ],
        "line": 62
      },
      "12": {
        "loc": { "start": { "line": 63, "column": 39 }, "end": { "line": 63, "column": 61 } },
        "type": "binary-expr",
        "locations": [
          { "start": { "line": 63, "column": 39 }, "end": { "line": 63, "column": 51 } },
          { "start": { "line": 63, "column": 55 }, "end": { "line": 63, "column": 61 } }
        ],
        "line": 63
      },
      "13": {
        "loc": { "start": { "line": 65, "column": 19 }, "end": { "line": 65, "column": 74 } },
        "type": "cond-expr",
        "locations": [
          { "start": { "line": 65, "column": 32 }, "end": { "line": 65, "column": 62 } },
          { "start": { "line": 65, "column": 65 }, "end": { "line": 65, "column": 74 } }
        ],
        "line": 65
      },
      "14": {
        "loc": { "start": { "line": 72, "column": 21 }, "end": { "line": 72, "column": 71 } },
        "type": "cond-expr",
        "locations": [
          { "start": { "line": 72, "column": 35 }, "end": { "line": 72, "column": 66 } },
          { "start": { "line": 72, "column": 69 }, "end": { "line": 72, "column": 71 } }
        ],
        "line": 72
      },
      "15": {
        "loc": { "start": { "line": 78, "column": 6 }, "end": { "line": 81, "column": 7 } },
        "type": "if",
        "locations": [
          { "start": { "line": 78, "column": 6 }, "end": { "line": 81, "column": 7 } },
          { "start": {}, "end": {} }
        ],
        "line": 78
      },
      "16": {
        "loc": { "start": { "line": 88, "column": 28 }, "end": { "line": 88, "column": 46 } },
        "type": "binary-expr",
        "locations": [
          { "start": { "line": 88, "column": 28 }, "end": { "line": 88, "column": 32 } },
          { "start": { "line": 88, "column": 36 }, "end": { "line": 88, "column": 46 } }
        ],
        "line": 88
      },
      "17": {
        "loc": { "start": { "line": 96, "column": 6 }, "end": { "line": 99, "column": 7 } },
        "type": "if",
        "locations": [
          { "start": { "line": 96, "column": 6 }, "end": { "line": 99, "column": 7 } },
          { "start": {}, "end": {} }
        ],
        "line": 96
      },
      "18": {
        "loc": { "start": { "line": 101, "column": 41 }, "end": { "line": 101, "column": 77 } },
        "type": "binary-expr",
        "locations": [
          { "start": { "line": 101, "column": 41 }, "end": { "line": 101, "column": 49 } },
          { "start": { "line": 101, "column": 53 }, "end": { "line": 101, "column": 77 } }
        ],
        "line": 101
      },
      "19": {
        "loc": { "start": { "line": 103, "column": 6 }, "end": { "line": 105, "column": 7 } },
        "type": "if",
        "locations": [
          { "start": { "line": 103, "column": 6 }, "end": { "line": 105, "column": 7 } },
          { "start": {}, "end": {} }
        ],
        "line": 103
      },
      "20": {
        "loc": { "start": { "line": 118, "column": 6 }, "end": { "line": 121, "column": 7 } },
        "type": "if",
        "locations": [
          { "start": { "line": 118, "column": 6 }, "end": { "line": 121, "column": 7 } },
          { "start": {}, "end": {} }
        ],
        "line": 118
      },
      "21": {
        "loc": { "start": { "line": 118, "column": 10 }, "end": { "line": 118, "column": 41 } },
        "type": "binary-expr",
        "locations": [
          { "start": { "line": 118, "column": 10 }, "end": { "line": 118, "column": 13 } },
          { "start": { "line": 118, "column": 17 }, "end": { "line": 118, "column": 41 } }
        ],
        "line": 118
      },
      "22": {
        "loc": { "start": { "line": 132, "column": 2 }, "end": { "line": 134, "column": 3 } },
        "type": "if",
        "locations": [
          { "start": { "line": 132, "column": 2 }, "end": { "line": 134, "column": 3 } },
          { "start": {}, "end": {} }
        ],
        "line": 132
      },
      "23": {
        "loc": { "start": { "line": 136, "column": 2 }, "end": { "line": 146, "column": 3 } },
        "type": "if",
        "locations": [
          { "start": { "line": 136, "column": 2 }, "end": { "line": 146, "column": 3 } },
          { "start": {}, "end": {} }
        ],
        "line": 136
      },
      "24": {
        "loc": { "start": { "line": 139, "column": 8 }, "end": { "line": 142, "column": 9 } },
        "type": "if",
        "locations": [
          { "start": { "line": 139, "column": 8 }, "end": { "line": 142, "column": 9 } },
          { "start": {}, "end": {} }
        ],
        "line": 139
      },
      "25": {
        "loc": { "start": { "line": 139, "column": 12 }, "end": { "line": 139, "column": 40 } },
        "type": "binary-expr",
        "locations": [
          { "start": { "line": 139, "column": 12 }, "end": { "line": 139, "column": 15 } },
          { "start": { "line": 139, "column": 19 }, "end": { "line": 139, "column": 40 } }
        ],
        "line": 139
      },
      "26": {
        "loc": { "start": { "line": 152, "column": 2 }, "end": { "line": 154, "column": 3 } },
        "type": "if",
        "locations": [
          { "start": { "line": 152, "column": 2 }, "end": { "line": 154, "column": 3 } },
          { "start": {}, "end": {} }
        ],
        "line": 152
      },
      "27": {
        "loc": { "start": { "line": 156, "column": 2 }, "end": { "line": 169, "column": 3 } },
        "type": "if",
        "locations": [
          { "start": { "line": 156, "column": 2 }, "end": { "line": 169, "column": 3 } },
          { "start": {}, "end": {} }
        ],
        "line": 156
      },
      "28": {
        "loc": { "start": { "line": 158, "column": 41 }, "end": { "line": 158, "column": 78 } },
        "type": "binary-expr",
        "locations": [
          { "start": { "line": 158, "column": 41 }, "end": { "line": 158, "column": 49 } },
          { "start": { "line": 158, "column": 53 }, "end": { "line": 158, "column": 78 } }
        ],
        "line": 158
      },
      "29": {
        "loc": { "start": { "line": 160, "column": 6 }, "end": { "line": 162, "column": 7 } },
        "type": "if",
        "locations": [
          { "start": { "line": 160, "column": 6 }, "end": { "line": 162, "column": 7 } },
          { "start": {}, "end": {} }
        ],
        "line": 160
      }
    },
    "s": {
      "0": 1,
      "1": 1,
      "2": 1,
      "3": 1,
      "4": 1,
      "5": 1,
      "6": 1,
      "7": 0,
      "8": 0,
      "9": 0,
      "10": 0,
      "11": 0,
      "12": 0,
      "13": 0,
      "14": 0,
      "15": 0,
      "16": 1,
      "17": 0,
      "18": 0,
      "19": 0,
      "20": 0,
      "21": 0,
      "22": 0,
      "23": 6,
      "24": 8,
      "25": 6,
      "26": 6,
      "27": 6,
      "28": 6,
      "29": 6,
      "30": 0,
      "31": 0,
      "32": 0,
      "33": 0,
      "34": 0,
      "35": 0,
      "36": 0,
      "37": 0,
      "38": 0,
      "39": 0,
      "40": 0,
      "41": 0,
      "42": 0,
      "43": 0,
      "44": 0,
      "45": 0,
      "46": 0,
      "47": 0,
      "48": 0,
      "49": 0,
      "50": 0,
      "51": 0,
      "52": 0,
      "53": 0,
      "54": 0,
      "55": 0,
      "56": 0,
      "57": 0,
      "58": 0,
      "59": 0,
      "60": 0,
      "61": 0,
      "62": 0,
      "63": 0,
      "64": 0,
      "65": 0,
      "66": 0,
      "67": 0,
      "68": 0,
      "69": 0,
      "70": 0,
      "71": 0,
      "72": 0,
      "73": 0,
      "74": 0,
      "75": 0,
      "76": 0,
      "77": 0,
      "78": 0,
      "79": 0,
      "80": 0,
      "81": 0,
      "82": 0,
      "83": 0,
      "84": 0,
      "85": 0,
      "86": 1
    },
    "f": {
      "0": 0,
      "1": 0,
      "2": 6,
      "3": 8,
      "4": 0,
      "5": 0,
      "6": 0,
      "7": 0,
      "8": 0,
      "9": 0,
      "10": 0,
      "11": 0,
      "12": 0,
      "13": 0,
      "14": 0,
      "15": 0,
      "16": 0,
      "17": 0,
      "18": 0,
      "19": 0,
      "20": 0
    },
    "b": {
      "0": [1, 0],
      "1": [1, 0, 0, 0],
      "2": [0, 0],
      "3": [0, 0],
      "4": [0, 0],
      "5": [0, 0],
      "6": [0, 0],
      "7": [0, 1],
      "8": [0, 0],
      "9": [0, 0],
      "10": [6, 0],
      "11": [6, 6, 0],
      "12": [6, 1],
      "13": [6, 0],
      "14": [0, 0],
      "15": [0, 0],
      "16": [0, 0],
      "17": [0, 0],
      "18": [0, 0],
      "19": [0, 0],
      "20": [0, 0],
      "21": [0, 0],
      "22": [0, 0],
      "23": [0, 0],
      "24": [0, 0],
      "25": [0, 0],
      "26": [0, 0],
      "27": [0, 0],
      "28": [0, 0],
      "29": [0, 0]
    },
    "_coverageSchema": "1a1c01bbd47fc00a2c39e90264f33305004495a9",
    "hash": "7441fc01ec1021c4be784c1c6862200b8197af06"
  },
  "/Users/dev_young_uk/Desktop/dev/CSE-undergrad-gp-manage-v2/models/cssys/Board.js": {
    "path": "/Users/dev_young_uk/Desktop/dev/CSE-undergrad-gp-manage-v2/models/cssys/Board.js",
    "statementMap": {
      "0": { "start": { "line": 1, "column": 0 }, "end": { "line": 23, "column": 2 } },
      "1": { "start": { "line": 2, "column": 16 }, "end": { "line": 15, "column": 6 } },
      "2": { "start": { "line": 17, "column": 4 }, "end": { "line": 20, "column": 6 } },
      "3": { "start": { "line": 18, "column": 8 }, "end": { "line": 18, "column": 40 } },
      "4": { "start": { "line": 19, "column": 8 }, "end": { "line": 19, "column": 40 } },
      "5": { "start": { "line": 22, "column": 4 }, "end": { "line": 22, "column": 17 } }
    },
    "fnMap": {
      "0": {
        "name": "(anonymous_0)",
        "decl": { "start": { "line": 1, "column": 17 }, "end": { "line": 1, "column": 18 } },
        "loc": { "start": { "line": 1, "column": 48 }, "end": { "line": 23, "column": 1 } },
        "line": 1
      },
      "1": {
        "name": "(anonymous_1)",
        "decl": { "start": { "line": 17, "column": 22 }, "end": { "line": 17, "column": 23 } },
        "loc": { "start": { "line": 17, "column": 39 }, "end": { "line": 20, "column": 5 } },
        "line": 17
      }
    },
    "branchMap": {},
    "s": { "0": 1, "1": 1, "2": 1, "3": 1, "4": 1, "5": 1 },
    "f": { "0": 1, "1": 1 },
    "b": {},
    "_coverageSchema": "1a1c01bbd47fc00a2c39e90264f33305004495a9",
    "hash": "8e636664c255bed62894922018d86e653b55f987"
  },
  "/Users/dev_young_uk/Desktop/dev/CSE-undergrad-gp-manage-v2/models/cssys/BoardFile.js": {
    "path": "/Users/dev_young_uk/Desktop/dev/CSE-undergrad-gp-manage-v2/models/cssys/BoardFile.js",
    "statementMap": {
      "0": { "start": { "line": 1, "column": 0 }, "end": { "line": 50, "column": 2 } },
      "1": { "start": { "line": 2, "column": 20 }, "end": { "line": 41, "column": 6 } },
      "2": { "start": { "line": 43, "column": 4 }, "end": { "line": 47, "column": 6 } },
      "3": { "start": { "line": 44, "column": 8 }, "end": { "line": 44, "column": 41 } },
      "4": { "start": { "line": 45, "column": 8 }, "end": { "line": 45, "column": 42 } },
      "5": { "start": { "line": 46, "column": 8 }, "end": { "line": 46, "column": 46 } },
      "6": { "start": { "line": 49, "column": 4 }, "end": { "line": 49, "column": 21 } }
    },
    "fnMap": {
      "0": {
        "name": "(anonymous_0)",
        "decl": { "start": { "line": 1, "column": 17 }, "end": { "line": 1, "column": 18 } },
        "loc": { "start": { "line": 1, "column": 48 }, "end": { "line": 50, "column": 1 } },
        "line": 1
      },
      "1": {
        "name": "(anonymous_1)",
        "decl": { "start": { "line": 43, "column": 26 }, "end": { "line": 43, "column": 27 } },
        "loc": { "start": { "line": 43, "column": 43 }, "end": { "line": 47, "column": 5 } },
        "line": 43
      }
    },
    "branchMap": {},
    "s": { "0": 1, "1": 1, "2": 1, "3": 1, "4": 1, "5": 1, "6": 1 },
    "f": { "0": 1, "1": 1 },
    "b": {},
    "_coverageSchema": "1a1c01bbd47fc00a2c39e90264f33305004495a9",
    "hash": "846eda3ff93467920bf18b444da73ad87b6982cf"
  },
  "/Users/dev_young_uk/Desktop/dev/CSE-undergrad-gp-manage-v2/models/cssys/BoardPost.js": {
    "path": "/Users/dev_young_uk/Desktop/dev/CSE-undergrad-gp-manage-v2/models/cssys/BoardPost.js",
    "statementMap": {
      "0": { "start": { "line": 1, "column": 0 }, "end": { "line": 56, "column": 2 } },
      "1": { "start": { "line": 2, "column": 20 }, "end": { "line": 38, "column": 6 } },
      "2": { "start": { "line": 40, "column": 4 }, "end": { "line": 53, "column": 6 } },
      "3": { "start": { "line": 41, "column": 8 }, "end": { "line": 41, "column": 41 } },
      "4": { "start": { "line": 42, "column": 8 }, "end": { "line": 42, "column": 42 } },
      "5": { "start": { "line": 43, "column": 8 }, "end": { "line": 45, "column": 11 } },
      "6": { "start": { "line": 46, "column": 8 }, "end": { "line": 51, "column": 11 } },
      "7": { "start": { "line": 52, "column": 8 }, "end": { "line": 52, "column": 44 } },
      "8": { "start": { "line": 55, "column": 4 }, "end": { "line": 55, "column": 21 } }
    },
    "fnMap": {
      "0": {
        "name": "(anonymous_0)",
        "decl": { "start": { "line": 1, "column": 17 }, "end": { "line": 1, "column": 18 } },
        "loc": { "start": { "line": 1, "column": 48 }, "end": { "line": 56, "column": 1 } },
        "line": 1
      },
      "1": {
        "name": "(anonymous_1)",
        "decl": { "start": { "line": 40, "column": 26 }, "end": { "line": 40, "column": 27 } },
        "loc": { "start": { "line": 40, "column": 43 }, "end": { "line": 53, "column": 5 } },
        "line": 40
      }
    },
    "branchMap": {},
    "s": { "0": 1, "1": 1, "2": 1, "3": 1, "4": 1, "5": 1, "6": 1, "7": 1, "8": 1 },
    "f": { "0": 1, "1": 1 },
    "b": {},
    "_coverageSchema": "1a1c01bbd47fc00a2c39e90264f33305004495a9",
    "hash": "746ccc52f8357664d9f3e9a35e3598969f3866ac"
  },
  "/Users/dev_young_uk/Desktop/dev/CSE-undergrad-gp-manage-v2/models/cssys/User.js": {
    "path": "/Users/dev_young_uk/Desktop/dev/CSE-undergrad-gp-manage-v2/models/cssys/User.js",
    "statementMap": {
      "0": { "start": { "line": 1, "column": 0 }, "end": { "line": 49, "column": 2 } },
      "1": { "start": { "line": 2, "column": 15 }, "end": { "line": 41, "column": 6 } },
      "2": { "start": { "line": 43, "column": 4 }, "end": { "line": 46, "column": 6 } },
      "3": { "start": { "line": 44, "column": 8 }, "end": { "line": 44, "column": 39 } },
      "4": { "start": { "line": 45, "column": 8 }, "end": { "line": 45, "column": 37 } },
      "5": { "start": { "line": 48, "column": 4 }, "end": { "line": 48, "column": 16 } }
    },
    "fnMap": {
      "0": {
        "name": "(anonymous_0)",
        "decl": { "start": { "line": 1, "column": 17 }, "end": { "line": 1, "column": 18 } },
        "loc": { "start": { "line": 1, "column": 48 }, "end": { "line": 49, "column": 1 } },
        "line": 1
      },
      "1": {
        "name": "(anonymous_1)",
        "decl": { "start": { "line": 43, "column": 21 }, "end": { "line": 43, "column": 22 } },
        "loc": { "start": { "line": 43, "column": 38 }, "end": { "line": 46, "column": 5 } },
        "line": 43
      }
    },
    "branchMap": {},
    "s": { "0": 1, "1": 1, "2": 1, "3": 1, "4": 1, "5": 1 },
    "f": { "0": 1, "1": 1 },
    "b": {},
    "_coverageSchema": "1a1c01bbd47fc00a2c39e90264f33305004495a9",
    "hash": "b5653072e8b4502faa5c9b0f244bb5d9c5c85bc4"
  },
  "/Users/dev_young_uk/Desktop/dev/CSE-undergrad-gp-manage-v2/models/cssys/UserLog.js": {
    "path": "/Users/dev_young_uk/Desktop/dev/CSE-undergrad-gp-manage-v2/models/cssys/UserLog.js",
    "statementMap": {
      "0": { "start": { "line": 1, "column": 0 }, "end": { "line": 32, "column": 2 } },
      "1": { "start": { "line": 2, "column": 18 }, "end": { "line": 25, "column": 6 } },
      "2": { "start": { "line": 27, "column": 4 }, "end": { "line": 29, "column": 6 } },
      "3": { "start": { "line": 28, "column": 8 }, "end": { "line": 28, "column": 39 } },
      "4": { "start": { "line": 31, "column": 4 }, "end": { "line": 31, "column": 19 } }
    },
    "fnMap": {
      "0": {
        "name": "(anonymous_0)",
        "decl": { "start": { "line": 1, "column": 17 }, "end": { "line": 1, "column": 18 } },
        "loc": { "start": { "line": 1, "column": 48 }, "end": { "line": 32, "column": 1 } },
        "line": 1
      },
      "1": {
        "name": "(anonymous_1)",
        "decl": { "start": { "line": 27, "column": 24 }, "end": { "line": 27, "column": 25 } },
        "loc": { "start": { "line": 27, "column": 41 }, "end": { "line": 29, "column": 5 } },
        "line": 27
      }
    },
    "branchMap": {},
    "s": { "0": 1, "1": 1, "2": 1, "3": 1, "4": 1 },
    "f": { "0": 1, "1": 1 },
    "b": {},
    "_coverageSchema": "1a1c01bbd47fc00a2c39e90264f33305004495a9",
    "hash": "854d8cd6ca55138498df3b99f6dbe4f30562db77"
  },
  "/Users/dev_young_uk/Desktop/dev/CSE-undergrad-gp-manage-v2/models/cssys_guidance/GPermissionLog.js": {
    "path": "/Users/dev_young_uk/Desktop/dev/CSE-undergrad-gp-manage-v2/models/cssys_guidance/GPermissionLog.js",
    "statementMap": {
      "0": { "start": { "line": 1, "column": 0 }, "end": { "line": 29, "column": 2 } },
      "1": { "start": { "line": 2, "column": 25 }, "end": { "line": 21, "column": 6 } },
      "2": { "start": { "line": 23, "column": 4 }, "end": { "line": 26, "column": 6 } },
      "3": { "start": { "line": 24, "column": 8 }, "end": { "line": 24, "column": 46 } },
      "4": { "start": { "line": 25, "column": 8 }, "end": { "line": 25, "column": 49 } },
      "5": { "start": { "line": 28, "column": 4 }, "end": { "line": 28, "column": 26 } }
    },
    "fnMap": {
      "0": {
        "name": "(anonymous_0)",
        "decl": { "start": { "line": 1, "column": 17 }, "end": { "line": 1, "column": 18 } },
        "loc": { "start": { "line": 1, "column": 48 }, "end": { "line": 29, "column": 1 } },
        "line": 1
      },
      "1": {
        "name": "(anonymous_1)",
        "decl": { "start": { "line": 23, "column": 31 }, "end": { "line": 23, "column": 32 } },
        "loc": { "start": { "line": 23, "column": 48 }, "end": { "line": 26, "column": 5 } },
        "line": 23
      }
    },
    "branchMap": {},
    "s": { "0": 1, "1": 1, "2": 1, "3": 1, "4": 1, "5": 1 },
    "f": { "0": 1, "1": 1 },
    "b": {},
    "_coverageSchema": "1a1c01bbd47fc00a2c39e90264f33305004495a9",
    "hash": "2780a1de929036d816264ffe94dff77e73da13b5"
  },
  "/Users/dev_young_uk/Desktop/dev/CSE-undergrad-gp-manage-v2/models/cssys_guidance/Prof.js": {
    "path": "/Users/dev_young_uk/Desktop/dev/CSE-undergrad-gp-manage-v2/models/cssys_guidance/Prof.js",
    "statementMap": {
      "0": { "start": { "line": 1, "column": 0 }, "end": { "line": 13, "column": 2 } },
      "1": { "start": { "line": 2, "column": 15 }, "end": { "line": 5, "column": 6 } },
      "2": { "start": { "line": 7, "column": 4 }, "end": { "line": 10, "column": 6 } },
      "3": { "start": { "line": 8, "column": 8 }, "end": { "line": 8, "column": 36 } },
      "4": { "start": { "line": 9, "column": 8 }, "end": { "line": 9, "column": 37 } },
      "5": { "start": { "line": 12, "column": 4 }, "end": { "line": 12, "column": 16 } }
    },
    "fnMap": {
      "0": {
        "name": "(anonymous_0)",
        "decl": { "start": { "line": 1, "column": 17 }, "end": { "line": 1, "column": 18 } },
        "loc": { "start": { "line": 1, "column": 48 }, "end": { "line": 13, "column": 1 } },
        "line": 1
      },
      "1": {
        "name": "(anonymous_1)",
        "decl": { "start": { "line": 7, "column": 21 }, "end": { "line": 7, "column": 22 } },
        "loc": { "start": { "line": 7, "column": 38 }, "end": { "line": 10, "column": 5 } },
        "line": 7
      }
    },
    "branchMap": {},
    "s": { "0": 1, "1": 1, "2": 1, "3": 1, "4": 1, "5": 1 },
    "f": { "0": 1, "1": 1 },
    "b": {},
    "_coverageSchema": "1a1c01bbd47fc00a2c39e90264f33305004495a9",
    "hash": "23fb785f2eed549edf45231bbeafe0d6a988a686"
  },
  "/Users/dev_young_uk/Desktop/dev/CSE-undergrad-gp-manage-v2/models/cssys_guidance/Student.js": {
    "path": "/Users/dev_young_uk/Desktop/dev/CSE-undergrad-gp-manage-v2/models/cssys_guidance/Student.js",
    "statementMap": {
      "0": { "start": { "line": 1, "column": 0 }, "end": { "line": 50, "column": 2 } },
      "1": { "start": { "line": 2, "column": 18 }, "end": { "line": 42, "column": 6 } },
      "2": { "start": { "line": 44, "column": 4 }, "end": { "line": 47, "column": 6 } },
      "3": { "start": { "line": 45, "column": 8 }, "end": { "line": 45, "column": 39 } },
      "4": { "start": { "line": 46, "column": 8 }, "end": { "line": 46, "column": 39 } },
      "5": { "start": { "line": 49, "column": 4 }, "end": { "line": 49, "column": 19 } }
    },
    "fnMap": {
      "0": {
        "name": "(anonymous_0)",
        "decl": { "start": { "line": 1, "column": 17 }, "end": { "line": 1, "column": 18 } },
        "loc": { "start": { "line": 1, "column": 48 }, "end": { "line": 50, "column": 1 } },
        "line": 1
      },
      "1": {
        "name": "(anonymous_1)",
        "decl": { "start": { "line": 44, "column": 24 }, "end": { "line": 44, "column": 25 } },
        "loc": { "start": { "line": 44, "column": 41 }, "end": { "line": 47, "column": 5 } },
        "line": 44
      }
    },
    "branchMap": {},
    "s": { "0": 1, "1": 1, "2": 1, "3": 1, "4": 1, "5": 1 },
    "f": { "0": 1, "1": 1 },
    "b": {},
    "_coverageSchema": "1a1c01bbd47fc00a2c39e90264f33305004495a9",
    "hash": "76fc44cab494c9ff0d81a6cfada5b82f974ec68e"
  },
  "/Users/dev_young_uk/Desktop/dev/CSE-undergrad-gp-manage-v2/models/cssys_guidance/User.js": {
    "path": "/Users/dev_young_uk/Desktop/dev/CSE-undergrad-gp-manage-v2/models/cssys_guidance/User.js",
    "statementMap": {
      "0": { "start": { "line": 2, "column": 0 }, "end": { "line": 50, "column": 2 } },
      "1": { "start": { "line": 3, "column": 15 }, "end": { "line": 42, "column": 6 } },
      "2": { "start": { "line": 44, "column": 4 }, "end": { "line": 47, "column": 6 } },
      "3": { "start": { "line": 45, "column": 8 }, "end": { "line": 45, "column": 33 } },
      "4": { "start": { "line": 46, "column": 8 }, "end": { "line": 46, "column": 36 } },
      "5": { "start": { "line": 49, "column": 4 }, "end": { "line": 49, "column": 16 } }
    },
    "fnMap": {
      "0": {
        "name": "(anonymous_0)",
        "decl": { "start": { "line": 2, "column": 17 }, "end": { "line": 2, "column": 18 } },
        "loc": { "start": { "line": 2, "column": 48 }, "end": { "line": 50, "column": 1 } },
        "line": 2
      },
      "1": {
        "name": "(anonymous_1)",
        "decl": { "start": { "line": 44, "column": 21 }, "end": { "line": 44, "column": 22 } },
        "loc": { "start": { "line": 44, "column": 38 }, "end": { "line": 47, "column": 5 } },
        "line": 44
      }
    },
    "branchMap": {},
    "s": { "0": 1, "1": 1, "2": 1, "3": 1, "4": 1, "5": 1 },
    "f": { "0": 1, "1": 1 },
    "b": {},
    "_coverageSchema": "1a1c01bbd47fc00a2c39e90264f33305004495a9",
    "hash": "1735a82c75706f2a3b919b0b60b481124b7e07b3"
  },
  "/Users/dev_young_uk/Desktop/dev/CSE-undergrad-gp-manage-v2/models/cssys_schedule/Calendar.js": {
    "path": "/Users/dev_young_uk/Desktop/dev/CSE-undergrad-gp-manage-v2/models/cssys_schedule/Calendar.js",
    "statementMap": {
      "0": { "start": { "line": 1, "column": 0 }, "end": { "line": 41, "column": 2 } },
      "1": { "start": { "line": 2, "column": 19 }, "end": { "line": 32, "column": 6 } },
      "2": { "start": { "line": 34, "column": 4 }, "end": { "line": 38, "column": 6 } },
      "3": { "start": { "line": 35, "column": 8 }, "end": { "line": 35, "column": 40 } },
      "4": { "start": { "line": 36, "column": 8 }, "end": { "line": 36, "column": 39 } },
      "5": { "start": { "line": 37, "column": 8 }, "end": { "line": 37, "column": 38 } },
      "6": { "start": { "line": 40, "column": 4 }, "end": { "line": 40, "column": 20 } }
    },
    "fnMap": {
      "0": {
        "name": "(anonymous_0)",
        "decl": { "start": { "line": 1, "column": 17 }, "end": { "line": 1, "column": 18 } },
        "loc": { "start": { "line": 1, "column": 48 }, "end": { "line": 41, "column": 1 } },
        "line": 1
      },
      "1": {
        "name": "(anonymous_1)",
        "decl": { "start": { "line": 34, "column": 25 }, "end": { "line": 34, "column": 26 } },
        "loc": { "start": { "line": 34, "column": 42 }, "end": { "line": 38, "column": 5 } },
        "line": 34
      }
    },
    "branchMap": {},
    "s": { "0": 1, "1": 1, "2": 1, "3": 1, "4": 1, "5": 1, "6": 1 },
    "f": { "0": 1, "1": 1 },
    "b": {},
    "_coverageSchema": "1a1c01bbd47fc00a2c39e90264f33305004495a9",
    "hash": "d736bb38d91774b35c7753f38d9677c59b71880b"
  },
  "/Users/dev_young_uk/Desktop/dev/CSE-undergrad-gp-manage-v2/models/cssys_schedule/Post.js": {
    "path": "/Users/dev_young_uk/Desktop/dev/CSE-undergrad-gp-manage-v2/models/cssys_schedule/Post.js",
    "statementMap": {
      "0": { "start": { "line": 1, "column": 0 }, "end": { "line": 49, "column": 2 } },
      "1": { "start": { "line": 2, "column": 15 }, "end": { "line": 40, "column": 6 } },
      "2": { "start": { "line": 42, "column": 4 }, "end": { "line": 46, "column": 6 } },
      "3": { "start": { "line": 43, "column": 8 }, "end": { "line": 43, "column": 36 } },
      "4": { "start": { "line": 44, "column": 8 }, "end": { "line": 44, "column": 40 } },
      "5": { "start": { "line": 45, "column": 8 }, "end": { "line": 45, "column": 37 } },
      "6": { "start": { "line": 48, "column": 4 }, "end": { "line": 48, "column": 16 } }
    },
    "fnMap": {
      "0": {
        "name": "(anonymous_0)",
        "decl": { "start": { "line": 1, "column": 17 }, "end": { "line": 1, "column": 18 } },
        "loc": { "start": { "line": 1, "column": 48 }, "end": { "line": 49, "column": 1 } },
        "line": 1
      },
      "1": {
        "name": "(anonymous_1)",
        "decl": { "start": { "line": 42, "column": 21 }, "end": { "line": 42, "column": 22 } },
        "loc": { "start": { "line": 42, "column": 38 }, "end": { "line": 46, "column": 5 } },
        "line": 42
      }
    },
    "branchMap": {},
    "s": { "0": 1, "1": 1, "2": 1, "3": 1, "4": 1, "5": 1, "6": 1 },
    "f": { "0": 1, "1": 1 },
    "b": {},
    "_coverageSchema": "1a1c01bbd47fc00a2c39e90264f33305004495a9",
    "hash": "1f3ded940b0d8760a02d00c0b1e8f27457b84b56"
  },
  "/Users/dev_young_uk/Desktop/dev/CSE-undergrad-gp-manage-v2/models/cssys_schedule/Share.js": {
    "path": "/Users/dev_young_uk/Desktop/dev/CSE-undergrad-gp-manage-v2/models/cssys_schedule/Share.js",
    "statementMap": {
      "0": { "start": { "line": 1, "column": 0 }, "end": { "line": 41, "column": 2 } },
      "1": { "start": { "line": 2, "column": 16 }, "end": { "line": 32, "column": 6 } },
      "2": { "start": { "line": 34, "column": 4 }, "end": { "line": 38, "column": 6 } },
      "3": { "start": { "line": 35, "column": 8 }, "end": { "line": 35, "column": 37 } },
      "4": { "start": { "line": 36, "column": 8 }, "end": { "line": 36, "column": 41 } },
      "5": { "start": { "line": 37, "column": 8 }, "end": { "line": 37, "column": 35 } },
      "6": { "start": { "line": 40, "column": 4 }, "end": { "line": 40, "column": 17 } }
    },
    "fnMap": {
      "0": {
        "name": "(anonymous_0)",
        "decl": { "start": { "line": 1, "column": 17 }, "end": { "line": 1, "column": 18 } },
        "loc": { "start": { "line": 1, "column": 48 }, "end": { "line": 41, "column": 1 } },
        "line": 1
      },
      "1": {
        "name": "(anonymous_1)",
        "decl": { "start": { "line": 34, "column": 22 }, "end": { "line": 34, "column": 23 } },
        "loc": { "start": { "line": 34, "column": 39 }, "end": { "line": 38, "column": 5 } },
        "line": 34
      }
    },
    "branchMap": {},
    "s": { "0": 1, "1": 1, "2": 1, "3": 1, "4": 1, "5": 1, "6": 1 },
    "f": { "0": 1, "1": 1 },
    "b": {},
    "_coverageSchema": "1a1c01bbd47fc00a2c39e90264f33305004495a9",
    "hash": "f01a15a7f631d86ca4869011490a6b7140016d44"
  },
  "/Users/dev_young_uk/Desktop/dev/CSE-undergrad-gp-manage-v2/models/cssys_schedule/User.js": {
    "path": "/Users/dev_young_uk/Desktop/dev/CSE-undergrad-gp-manage-v2/models/cssys_schedule/User.js",
    "statementMap": {
      "0": { "start": { "line": 2, "column": 0 }, "end": { "line": 51, "column": 2 } },
      "1": { "start": { "line": 3, "column": 15 }, "end": { "line": 42, "column": 6 } },
      "2": { "start": { "line": 44, "column": 4 }, "end": { "line": 48, "column": 6 } },
      "3": { "start": { "line": 45, "column": 8 }, "end": { "line": 45, "column": 38 } },
      "4": { "start": { "line": 46, "column": 8 }, "end": { "line": 46, "column": 35 } },
      "5": { "start": { "line": 47, "column": 8 }, "end": { "line": 47, "column": 34 } },
      "6": { "start": { "line": 50, "column": 4 }, "end": { "line": 50, "column": 16 } }
    },
    "fnMap": {
      "0": {
        "name": "(anonymous_0)",
        "decl": { "start": { "line": 2, "column": 17 }, "end": { "line": 2, "column": 18 } },
        "loc": { "start": { "line": 2, "column": 48 }, "end": { "line": 51, "column": 1 } },
        "line": 2
      },
      "1": {
        "name": "(anonymous_1)",
        "decl": { "start": { "line": 44, "column": 21 }, "end": { "line": 44, "column": 22 } },
        "loc": { "start": { "line": 44, "column": 38 }, "end": { "line": 48, "column": 5 } },
        "line": 44
      }
    },
    "branchMap": {},
    "s": { "0": 1, "1": 1, "2": 1, "3": 1, "4": 1, "5": 1, "6": 1 },
    "f": { "0": 1, "1": 1 },
    "b": {},
    "_coverageSchema": "1a1c01bbd47fc00a2c39e90264f33305004495a9",
    "hash": "2611a2f552940974bd74d4479a99a044e01fae35"
  },
  "/Users/dev_young_uk/Desktop/dev/CSE-undergrad-gp-manage-v2/models/cssys_work/Permission.js": {
    "path": "/Users/dev_young_uk/Desktop/dev/CSE-undergrad-gp-manage-v2/models/cssys_work/Permission.js",
    "statementMap": {
      "0": { "start": { "line": 1, "column": 0 }, "end": { "line": 46, "column": 2 } },
      "1": { "start": { "line": 2, "column": 21 }, "end": { "line": 29, "column": 6 } },
      "2": { "start": { "line": 31, "column": 4 }, "end": { "line": 43, "column": 6 } },
      "3": { "start": { "line": 32, "column": 8 }, "end": { "line": 34, "column": 11 } },
      "4": { "start": { "line": 35, "column": 8 }, "end": { "line": 37, "column": 11 } },
      "5": { "start": { "line": 38, "column": 8 }, "end": { "line": 40, "column": 11 } },
      "6": { "start": { "line": 41, "column": 8 }, "end": { "line": 41, "column": 42 } },
      "7": { "start": { "line": 42, "column": 8 }, "end": { "line": 42, "column": 45 } },
      "8": { "start": { "line": 45, "column": 4 }, "end": { "line": 45, "column": 22 } }
    },
    "fnMap": {
      "0": {
        "name": "(anonymous_0)",
        "decl": { "start": { "line": 1, "column": 17 }, "end": { "line": 1, "column": 18 } },
        "loc": { "start": { "line": 1, "column": 48 }, "end": { "line": 46, "column": 1 } },
        "line": 1
      },
      "1": {
        "name": "(anonymous_1)",
        "decl": { "start": { "line": 31, "column": 27 }, "end": { "line": 31, "column": 28 } },
        "loc": { "start": { "line": 31, "column": 44 }, "end": { "line": 43, "column": 5 } },
        "line": 31
      }
    },
    "branchMap": {},
    "s": { "0": 1, "1": 1, "2": 1, "3": 1, "4": 1, "5": 1, "6": 1, "7": 1, "8": 1 },
    "f": { "0": 1, "1": 1 },
    "b": {},
    "_coverageSchema": "1a1c01bbd47fc00a2c39e90264f33305004495a9",
    "hash": "8e3dd22b2e2964d430affbfe56523ef08a50f05c"
  },
  "/Users/dev_young_uk/Desktop/dev/CSE-undergrad-gp-manage-v2/models/cssys_work/Prof.js": {
    "path": "/Users/dev_young_uk/Desktop/dev/CSE-undergrad-gp-manage-v2/models/cssys_work/Prof.js",
    "statementMap": {
      "0": { "start": { "line": 1, "column": 0 }, "end": { "line": 26, "column": 2 } },
      "1": { "start": { "line": 2, "column": 15 }, "end": { "line": 5, "column": 6 } },
      "2": { "start": { "line": 7, "column": 4 }, "end": { "line": 23, "column": 6 } },
      "3": { "start": { "line": 8, "column": 8 }, "end": { "line": 8, "column": 36 } },
      "4": { "start": { "line": 9, "column": 8 }, "end": { "line": 9, "column": 37 } },
      "5": { "start": { "line": 10, "column": 8 }, "end": { "line": 10, "column": 40 } },
      "6": { "start": { "line": 11, "column": 8 }, "end": { "line": 14, "column": 11 } },
      "7": { "start": { "line": 15, "column": 8 }, "end": { "line": 18, "column": 11 } },
      "8": { "start": { "line": 19, "column": 8 }, "end": { "line": 22, "column": 11 } },
      "9": { "start": { "line": 25, "column": 4 }, "end": { "line": 25, "column": 16 } }
    },
    "fnMap": {
      "0": {
        "name": "(anonymous_0)",
        "decl": { "start": { "line": 1, "column": 17 }, "end": { "line": 1, "column": 18 } },
        "loc": { "start": { "line": 1, "column": 48 }, "end": { "line": 26, "column": 1 } },
        "line": 1
      },
      "1": {
        "name": "(anonymous_1)",
        "decl": { "start": { "line": 7, "column": 21 }, "end": { "line": 7, "column": 22 } },
        "loc": { "start": { "line": 7, "column": 38 }, "end": { "line": 23, "column": 5 } },
        "line": 7
      }
    },
    "branchMap": {},
    "s": { "0": 1, "1": 1, "2": 1, "3": 1, "4": 1, "5": 1, "6": 1, "7": 1, "8": 1, "9": 1 },
    "f": { "0": 1, "1": 1 },
    "b": {},
    "_coverageSchema": "1a1c01bbd47fc00a2c39e90264f33305004495a9",
    "hash": "5f16b9b8c7d1e4ce90861ed13d87ae2219268a93"
  },
  "/Users/dev_young_uk/Desktop/dev/CSE-undergrad-gp-manage-v2/models/cssys_work/ScheduleLog.js": {
    "path": "/Users/dev_young_uk/Desktop/dev/CSE-undergrad-gp-manage-v2/models/cssys_work/ScheduleLog.js",
    "statementMap": {
      "0": { "start": { "line": 1, "column": 0 }, "end": { "line": 16, "column": 2 } },
      "1": { "start": { "line": 2, "column": 22 }, "end": { "line": 14, "column": 10 } },
      "2": { "start": { "line": 15, "column": 4 }, "end": { "line": 15, "column": 23 } }
    },
    "fnMap": {
      "0": {
        "name": "(anonymous_0)",
        "decl": { "start": { "line": 1, "column": 17 }, "end": { "line": 1, "column": 18 } },
        "loc": { "start": { "line": 1, "column": 48 }, "end": { "line": 16, "column": 1 } },
        "line": 1
      }
    },
    "branchMap": {},
    "s": { "0": 1, "1": 1, "2": 1 },
    "f": { "0": 1 },
    "b": {},
    "_coverageSchema": "1a1c01bbd47fc00a2c39e90264f33305004495a9",
    "hash": "e75102c006d625549e61d76ccc80d21886bfe05f"
  },
  "/Users/dev_young_uk/Desktop/dev/CSE-undergrad-gp-manage-v2/models/cssys_work/Student.js": {
    "path": "/Users/dev_young_uk/Desktop/dev/CSE-undergrad-gp-manage-v2/models/cssys_work/Student.js",
    "statementMap": {
      "0": { "start": { "line": 1, "column": 0 }, "end": { "line": 127, "column": 2 } },
      "1": { "start": { "line": 2, "column": 18 }, "end": { "line": 95, "column": 6 } },
      "2": { "start": { "line": 97, "column": 4 }, "end": { "line": 124, "column": 6 } },
      "3": { "start": { "line": 98, "column": 8 }, "end": { "line": 98, "column": 39 } },
      "4": { "start": { "line": 99, "column": 8 }, "end": { "line": 99, "column": 39 } },
      "5": { "start": { "line": 100, "column": 8 }, "end": { "line": 100, "column": 41 } },
      "6": { "start": { "line": 101, "column": 8 }, "end": { "line": 101, "column": 46 } },
      "7": { "start": { "line": 102, "column": 8 }, "end": { "line": 102, "column": 43 } },
      "8": { "start": { "line": 103, "column": 8 }, "end": { "line": 105, "column": 11 } },
      "9": { "start": { "line": 106, "column": 8 }, "end": { "line": 108, "column": 11 } },
      "10": { "start": { "line": 109, "column": 8 }, "end": { "line": 111, "column": 11 } },
      "11": { "start": { "line": 112, "column": 8 }, "end": { "line": 114, "column": 11 } },
      "12": { "start": { "line": 115, "column": 8 }, "end": { "line": 117, "column": 11 } },
      "13": { "start": { "line": 118, "column": 8 }, "end": { "line": 120, "column": 11 } },
      "14": { "start": { "line": 121, "column": 8 }, "end": { "line": 123, "column": 11 } },
      "15": { "start": { "line": 126, "column": 4 }, "end": { "line": 126, "column": 19 } }
    },
    "fnMap": {
      "0": {
        "name": "(anonymous_0)",
        "decl": { "start": { "line": 1, "column": 17 }, "end": { "line": 1, "column": 18 } },
        "loc": { "start": { "line": 1, "column": 48 }, "end": { "line": 127, "column": 1 } },
        "line": 1
      },
      "1": {
        "name": "(anonymous_1)",
        "decl": { "start": { "line": 97, "column": 24 }, "end": { "line": 97, "column": 25 } },
        "loc": { "start": { "line": 97, "column": 41 }, "end": { "line": 124, "column": 5 } },
        "line": 97
      }
    },
    "branchMap": {},
    "s": {
      "0": 1,
      "1": 1,
      "2": 1,
      "3": 1,
      "4": 1,
      "5": 1,
      "6": 1,
      "7": 1,
      "8": 1,
      "9": 1,
      "10": 1,
      "11": 1,
      "12": 1,
      "13": 1,
      "14": 1,
      "15": 1
    },
    "f": { "0": 1, "1": 1 },
    "b": {},
    "_coverageSchema": "1a1c01bbd47fc00a2c39e90264f33305004495a9",
    "hash": "1f8acf82912915f702bc6cf5364f05c781c2ac83"
  },
  "/Users/dev_young_uk/Desktop/dev/CSE-undergrad-gp-manage-v2/models/cssys_work/StudentFile.js": {
    "path": "/Users/dev_young_uk/Desktop/dev/CSE-undergrad-gp-manage-v2/models/cssys_work/StudentFile.js",
    "statementMap": {
      "0": { "start": { "line": 1, "column": 0 }, "end": { "line": 39, "column": 2 } },
      "1": { "start": { "line": 2, "column": 22 }, "end": { "line": 32, "column": 6 } },
      "2": { "start": { "line": 34, "column": 4 }, "end": { "line": 36, "column": 6 } },
      "3": { "start": { "line": 35, "column": 8 }, "end": { "line": 35, "column": 43 } },
      "4": { "start": { "line": 38, "column": 4 }, "end": { "line": 38, "column": 23 } }
    },
    "fnMap": {
      "0": {
        "name": "(anonymous_0)",
        "decl": { "start": { "line": 1, "column": 17 }, "end": { "line": 1, "column": 18 } },
        "loc": { "start": { "line": 1, "column": 48 }, "end": { "line": 39, "column": 1 } },
        "line": 1
      },
      "1": {
        "name": "(anonymous_1)",
        "decl": { "start": { "line": 34, "column": 28 }, "end": { "line": 34, "column": 29 } },
        "loc": { "start": { "line": 34, "column": 45 }, "end": { "line": 36, "column": 5 } },
        "line": 34
      }
    },
    "branchMap": {},
    "s": { "0": 1, "1": 1, "2": 1, "3": 1, "4": 1 },
    "f": { "0": 1, "1": 1 },
    "b": {},
    "_coverageSchema": "1a1c01bbd47fc00a2c39e90264f33305004495a9",
    "hash": "4f213c0a7c829903dc1d95948ad77645f03f9741"
  },
  "/Users/dev_young_uk/Desktop/dev/CSE-undergrad-gp-manage-v2/models/cssys_work/StudentInfo.js": {
    "path": "/Users/dev_young_uk/Desktop/dev/CSE-undergrad-gp-manage-v2/models/cssys_work/StudentInfo.js",
    "statementMap": {
      "0": { "start": { "line": 1, "column": 0 }, "end": { "line": 114, "column": 2 } },
      "1": { "start": { "line": 2, "column": 22 }, "end": { "line": 106, "column": 6 } },
      "2": { "start": { "line": 108, "column": 4 }, "end": { "line": 111, "column": 6 } },
      "3": { "start": { "line": 109, "column": 8 }, "end": { "line": 109, "column": 43 } },
      "4": { "start": { "line": 110, "column": 8 }, "end": { "line": 110, "column": 43 } },
      "5": { "start": { "line": 113, "column": 4 }, "end": { "line": 113, "column": 23 } }
    },
    "fnMap": {
      "0": {
        "name": "(anonymous_0)",
        "decl": { "start": { "line": 1, "column": 17 }, "end": { "line": 1, "column": 18 } },
        "loc": { "start": { "line": 1, "column": 48 }, "end": { "line": 114, "column": 1 } },
        "line": 1
      },
      "1": {
        "name": "(anonymous_1)",
        "decl": { "start": { "line": 108, "column": 28 }, "end": { "line": 108, "column": 29 } },
        "loc": { "start": { "line": 108, "column": 45 }, "end": { "line": 111, "column": 5 } },
        "line": 108
      }
    },
    "branchMap": {},
    "s": { "0": 1, "1": 1, "2": 1, "3": 1, "4": 1, "5": 1 },
    "f": { "0": 1, "1": 1 },
    "b": {},
    "_coverageSchema": "1a1c01bbd47fc00a2c39e90264f33305004495a9",
    "hash": "27da0e81e533213ad43a6a33e7d3ac78d3b9029c"
  },
  "/Users/dev_young_uk/Desktop/dev/CSE-undergrad-gp-manage-v2/models/cssys_work/System.js": {
    "path": "/Users/dev_young_uk/Desktop/dev/CSE-undergrad-gp-manage-v2/models/cssys_work/System.js",
    "statementMap": {
      "0": { "start": { "line": 1, "column": 0 }, "end": { "line": 31, "column": 2 } },
      "1": { "start": { "line": 2, "column": 17 }, "end": { "line": 24, "column": 6 } },
      "2": { "start": { "line": 26, "column": 4 }, "end": { "line": 28, "column": 6 } },
      "3": { "start": { "line": 27, "column": 8 }, "end": { "line": 27, "column": 39 } },
      "4": { "start": { "line": 30, "column": 4 }, "end": { "line": 30, "column": 18 } }
    },
    "fnMap": {
      "0": {
        "name": "(anonymous_0)",
        "decl": { "start": { "line": 1, "column": 17 }, "end": { "line": 1, "column": 18 } },
        "loc": { "start": { "line": 1, "column": 48 }, "end": { "line": 31, "column": 1 } },
        "line": 1
      },
      "1": {
        "name": "(anonymous_1)",
        "decl": { "start": { "line": 26, "column": 23 }, "end": { "line": 26, "column": 24 } },
        "loc": { "start": { "line": 26, "column": 40 }, "end": { "line": 28, "column": 5 } },
        "line": 26
      }
    },
    "branchMap": {},
    "s": { "0": 1, "1": 1, "2": 1, "3": 1, "4": 1 },
    "f": { "0": 1, "1": 1 },
    "b": {},
    "_coverageSchema": "1a1c01bbd47fc00a2c39e90264f33305004495a9",
    "hash": "cc8ee9df8a8cd8dd0dde7f49e2a0fbc33723c351"
  },
  "/Users/dev_young_uk/Desktop/dev/CSE-undergrad-gp-manage-v2/models/cssys_work/User.js": {
    "path": "/Users/dev_young_uk/Desktop/dev/CSE-undergrad-gp-manage-v2/models/cssys_work/User.js",
    "statementMap": {
      "0": { "start": { "line": 2, "column": 0 }, "end": { "line": 52, "column": 2 } },
      "1": { "start": { "line": 3, "column": 15 }, "end": { "line": 42, "column": 6 } },
      "2": { "start": { "line": 44, "column": 4 }, "end": { "line": 49, "column": 6 } },
      "3": { "start": { "line": 45, "column": 8 }, "end": { "line": 45, "column": 33 } },
      "4": { "start": { "line": 46, "column": 8 }, "end": { "line": 46, "column": 36 } },
      "5": { "start": { "line": 47, "column": 8 }, "end": { "line": 47, "column": 40 } },
      "6": { "start": { "line": 48, "column": 8 }, "end": { "line": 48, "column": 41 } },
      "7": { "start": { "line": 51, "column": 4 }, "end": { "line": 51, "column": 16 } }
    },
    "fnMap": {
      "0": {
        "name": "(anonymous_0)",
        "decl": { "start": { "line": 2, "column": 17 }, "end": { "line": 2, "column": 18 } },
        "loc": { "start": { "line": 2, "column": 48 }, "end": { "line": 52, "column": 1 } },
        "line": 2
      },
      "1": {
        "name": "(anonymous_1)",
        "decl": { "start": { "line": 44, "column": 21 }, "end": { "line": 44, "column": 22 } },
        "loc": { "start": { "line": 44, "column": 38 }, "end": { "line": 49, "column": 5 } },
        "line": 44
      }
    },
    "branchMap": {},
    "s": { "0": 1, "1": 1, "2": 1, "3": 1, "4": 1, "5": 1, "6": 1, "7": 1 },
    "f": { "0": 1, "1": 1 },
    "b": {},
    "_coverageSchema": "1a1c01bbd47fc00a2c39e90264f33305004495a9",
    "hash": "3c01b0911bbe937bba01561dfcdcb4363cd3e0cf"
  }
}
