TN:
SF:config/index.js
FN:4,parseBoolean
FN:20,parseNumber
FN:29,applyEnv
FN:36,(anonymous_3)
FNF:4
FNH:4
FNDA:9,parseBoolean
FNDA:45,parseNumber
FNDA:9,applyEnv
FNDA:171,(anonymous_3)
DA:1,9
DA:2,9
DA:5,9
DA:6,7
DA:9,2
DA:10,2
DA:11,1
DA:13,1
DA:14,1
DA:17,0
DA:21,45
DA:22,40
DA:25,5
DA:26,5
DA:30,9
DA:31,9
DA:32,9
DA:33,9
DA:34,9
DA:36,171
DA:38,9
DA:39,9
DA:41,9
DA:42,9
DA:44,9
DA:45,9
DA:47,9
DA:48,9
DA:50,9
DA:51,9
DA:53,9
DA:54,9
DA:56,9
DA:57,9
DA:59,9
DA:60,9
DA:62,9
DA:63,9
DA:65,9
DA:66,9
DA:67,1
DA:68,1
DA:71,9
DA:72,9
DA:74,9
DA:75,9
DA:77,9
DA:78,9
DA:79,1
DA:82,9
DA:83,9
DA:85,9
DA:86,9
DA:88,9
DA:89,9
DA:91,9
DA:92,9
DA:94,9
DA:95,9
DA:97,9
DA:98,9
DA:100,9
DA:103,9
DA:135,9
LF:64
LH:63
BRDA:5,0,0,7
BRDA:5,0,1,2
BRDA:10,1,0,1
BRDA:10,1,1,1
BRDA:13,2,0,1
BRDA:13,2,1,0
BRDA:21,3,0,40
BRDA:21,3,1,5
BRDA:21,4,0,45
BRDA:21,4,1,5
BRDA:26,5,0,0
BRDA:26,5,1,5
BRDA:30,6,0,9
BRDA:30,6,1,0
BRDA:31,7,0,9
BRDA:31,7,1,0
BRDA:32,8,0,9
BRDA:32,8,1,0
BRDA:33,9,0,9
BRDA:33,9,1,0
BRDA:34,10,0,9
BRDA:34,10,1,0
BRDA:39,11,0,1
BRDA:39,11,1,8
BRDA:42,12,0,1
BRDA:42,12,1,8
BRDA:45,13,0,1
BRDA:45,13,1,8
BRDA:48,14,0,1
BRDA:48,14,1,8
BRDA:51,15,0,1
BRDA:51,15,1,8
BRDA:54,16,0,0
BRDA:54,16,1,9
BRDA:57,17,0,1
BRDA:57,17,1,8
BRDA:60,18,0,0
BRDA:60,18,1,9
BRDA:63,19,0,2
BRDA:63,19,1,7
BRDA:66,20,0,1
BRDA:66,20,1,8
BRDA:67,21,0,1
BRDA:67,21,1,0
BRDA:72,22,0,1
BRDA:72,22,1,8
BRDA:75,23,0,1
BRDA:75,23,1,8
BRDA:78,24,0,1
BRDA:78,24,1,8
BRDA:83,25,0,1
BRDA:83,25,1,8
BRDA:86,26,0,1
BRDA:86,26,1,8
BRDA:89,27,0,1
BRDA:89,27,1,8
BRDA:92,28,0,1
BRDA:92,28,1,8
BRDA:95,29,0,1
BRDA:95,29,1,8
BRDA:98,30,0,1
BRDA:98,30,1,8
BRF:62
BRH:52
end_of_record
TN:
SF:lib/minio_storage.js
FN:15,resolveMinioEndpoint
FN:52,assertConfigured
FN:58,makeObjectKey
FN:61,(anonymous_3)
FN:69,uploadTempFile
FN:71,(anonymous_5)
FN:73,(anonymous_6)
FN:87,encodeFileName
FN:89,(anonymous_8)
FN:92,sendObjectToResponse
FN:94,(anonymous_10)
FN:95,(anonymous_11)
FN:114,removeObject
FN:116,(anonymous_13)
FN:117,(anonymous_14)
FN:127,isLocalStaticPath
FN:131,removeStoredFile
FN:137,(anonymous_17)
FN:138,(anonymous_18)
FN:151,sendStoredFileToResponse
FN:157,(anonymous_20)
FNF:21
FNH:2
FNDA:0,resolveMinioEndpoint
FNDA:0,assertConfigured
FNDA:6,makeObjectKey
FNDA:8,(anonymous_3)
FNDA:0,uploadTempFile
FNDA:0,(anonymous_5)
FNDA:0,(anonymous_6)
FNDA:0,encodeFileName
FNDA:0,(anonymous_8)
FNDA:0,sendObjectToResponse
FNDA:0,(anonymous_10)
FNDA:0,(anonymous_11)
FNDA:0,removeObject
FNDA:0,(anonymous_13)
FNDA:0,(anonymous_14)
FNDA:0,isLocalStaticPath
FNDA:0,removeStoredFile
FNDA:0,(anonymous_17)
FNDA:0,(anonymous_18)
FNDA:0,sendStoredFileToResponse
FNDA:0,(anonymous_20)
DA:1,1
DA:2,1
DA:3,1
DA:4,1
DA:6,1
DA:8,1
DA:13,1
DA:16,0
DA:17,0
DA:20,0
DA:21,0
DA:22,0
DA:25,0
DA:26,0
DA:28,0
DA:30,0
DA:37,1
DA:38,0
DA:39,0
DA:47,0
DA:48,0
DA:53,0
DA:54,0
DA:59,6
DA:61,8
DA:62,6
DA:63,6
DA:64,6
DA:65,6
DA:66,6
DA:70,0
DA:71,0
DA:72,0
DA:73,0
DA:74,0
DA:75,0
DA:78,0
DA:79,0
DA:80,0
DA:82,0
DA:88,0
DA:89,0
DA:93,0
DA:94,0
DA:95,0
DA:96,0
DA:97,0
DA:98,0
DA:101,0
DA:102,0
DA:103,0
DA:104,0
DA:107,0
DA:108,0
DA:109,0
DA:115,0
DA:116,0
DA:117,0
DA:118,0
DA:119,0
DA:120,0
DA:122,0
DA:128,0
DA:132,0
DA:133,0
DA:136,0
DA:137,0
DA:138,0
DA:139,0
DA:140,0
DA:141,0
DA:143,0
DA:148,0
DA:152,0
DA:153,0
DA:156,0
DA:157,0
DA:158,0
DA:159,0
DA:160,0
DA:161,0
DA:164,0
DA:165,0
DA:166,0
DA:167,0
DA:171,0
DA:174,1
LF:87
LH:16
BRDA:6,0,0,1
BRDA:6,0,1,0
BRDA:8,1,0,1
BRDA:8,1,1,0
BRDA:8,1,2,0
BRDA:8,1,3,0
BRDA:16,2,0,0
BRDA:16,2,1,0
BRDA:21,3,0,0
BRDA:21,3,1,0
BRDA:25,4,0,0
BRDA:25,4,1,0
BRDA:28,5,0,0
BRDA:28,5,1,0
BRDA:28,6,0,0
BRDA:28,6,1,0
BRDA:37,7,0,0
BRDA:37,7,1,1
BRDA:47,8,0,0
BRDA:47,8,1,0
BRDA:53,9,0,0
BRDA:53,9,1,0
BRDA:59,10,0,6
BRDA:59,10,1,0
BRDA:62,11,0,6
BRDA:62,11,1,6
BRDA:62,11,2,0
BRDA:63,12,0,6
BRDA:63,12,1,1
BRDA:65,13,0,6
BRDA:65,13,1,0
BRDA:72,14,0,0
BRDA:72,14,1,0
BRDA:78,15,0,0
BRDA:78,15,1,0
BRDA:88,16,0,0
BRDA:88,16,1,0
BRDA:96,17,0,0
BRDA:96,17,1,0
BRDA:101,18,0,0
BRDA:101,18,1,0
BRDA:103,19,0,0
BRDA:103,19,1,0
BRDA:118,20,0,0
BRDA:118,20,1,0
BRDA:118,21,0,0
BRDA:118,21,1,0
BRDA:132,22,0,0
BRDA:132,22,1,0
BRDA:136,23,0,0
BRDA:136,23,1,0
BRDA:139,24,0,0
BRDA:139,24,1,0
BRDA:139,25,0,0
BRDA:139,25,1,0
BRDA:152,26,0,0
BRDA:152,26,1,0
BRDA:156,27,0,0
BRDA:156,27,1,0
BRDA:158,28,0,0
BRDA:158,28,1,0
BRDA:160,29,0,0
BRDA:160,29,1,0
BRF:63
BRH:9
end_of_record
TN:
SF:models/cssys/Board.js
FN:1,(anonymous_0)
FN:17,(anonymous_1)
FNF:2
FNH:2
FNDA:1,(anonymous_0)
FNDA:1,(anonymous_1)
DA:1,1
DA:2,1
DA:17,1
DA:18,1
DA:19,1
DA:22,1
LF:6
LH:6
BRF:0
BRH:0
end_of_record
TN:
SF:models/cssys/BoardFile.js
FN:1,(anonymous_0)
FN:43,(anonymous_1)
FNF:2
FNH:2
FNDA:1,(anonymous_0)
FNDA:1,(anonymous_1)
DA:1,1
DA:2,1
DA:43,1
DA:44,1
DA:45,1
DA:46,1
DA:49,1
LF:7
LH:7
BRF:0
BRH:0
end_of_record
TN:
SF:models/cssys/BoardPost.js
FN:1,(anonymous_0)
FN:40,(anonymous_1)
FNF:2
FNH:2
FNDA:1,(anonymous_0)
FNDA:1,(anonymous_1)
DA:1,1
DA:2,1
DA:40,1
DA:41,1
DA:42,1
DA:43,1
DA:46,1
DA:52,1
DA:55,1
LF:9
LH:9
BRF:0
BRH:0
end_of_record
TN:
SF:models/cssys/User.js
FN:1,(anonymous_0)
FN:43,(anonymous_1)
FNF:2
FNH:2
FNDA:1,(anonymous_0)
FNDA:1,(anonymous_1)
DA:1,1
DA:2,1
DA:43,1
DA:44,1
DA:45,1
DA:48,1
LF:6
LH:6
BRF:0
BRH:0
end_of_record
TN:
SF:models/cssys/UserLog.js
FN:1,(anonymous_0)
FN:27,(anonymous_1)
FNF:2
FNH:2
FNDA:1,(anonymous_0)
FNDA:1,(anonymous_1)
DA:1,1
DA:2,1
DA:27,1
DA:28,1
DA:31,1
LF:5
LH:5
BRF:0
BRH:0
end_of_record
TN:
SF:models/cssys_guidance/GPermissionLog.js
FN:1,(anonymous_0)
FN:23,(anonymous_1)
FNF:2
FNH:2
FNDA:1,(anonymous_0)
FNDA:1,(anonymous_1)
DA:1,1
DA:2,1
DA:23,1
DA:24,1
DA:25,1
DA:28,1
LF:6
LH:6
BRF:0
BRH:0
end_of_record
TN:
SF:models/cssys_guidance/Prof.js
FN:1,(anonymous_0)
FN:7,(anonymous_1)
FNF:2
FNH:2
FNDA:1,(anonymous_0)
FNDA:1,(anonymous_1)
DA:1,1
DA:2,1
DA:7,1
DA:8,1
DA:9,1
DA:12,1
LF:6
LH:6
BRF:0
BRH:0
end_of_record
TN:
SF:models/cssys_guidance/Student.js
FN:1,(anonymous_0)
FN:44,(anonymous_1)
FNF:2
FNH:2
FNDA:1,(anonymous_0)
FNDA:1,(anonymous_1)
DA:1,1
DA:2,1
DA:44,1
DA:45,1
DA:46,1
DA:49,1
LF:6
LH:6
BRF:0
BRH:0
end_of_record
TN:
SF:models/cssys_guidance/User.js
FN:2,(anonymous_0)
FN:44,(anonymous_1)
FNF:2
FNH:2
FNDA:1,(anonymous_0)
FNDA:1,(anonymous_1)
DA:2,1
DA:3,1
DA:44,1
DA:45,1
DA:46,1
DA:49,1
LF:6
LH:6
BRF:0
BRH:0
end_of_record
TN:
SF:models/cssys_schedule/Calendar.js
FN:1,(anonymous_0)
FN:34,(anonymous_1)
FNF:2
FNH:2
FNDA:1,(anonymous_0)
FNDA:1,(anonymous_1)
DA:1,1
DA:2,1
DA:34,1
DA:35,1
DA:36,1
DA:37,1
DA:40,1
LF:7
LH:7
BRF:0
BRH:0
end_of_record
TN:
SF:models/cssys_schedule/Post.js
FN:1,(anonymous_0)
FN:42,(anonymous_1)
FNF:2
FNH:2
FNDA:1,(anonymous_0)
FNDA:1,(anonymous_1)
DA:1,1
DA:2,1
DA:42,1
DA:43,1
DA:44,1
DA:45,1
DA:48,1
LF:7
LH:7
BRF:0
BRH:0
end_of_record
TN:
SF:models/cssys_schedule/Share.js
FN:1,(anonymous_0)
FN:34,(anonymous_1)
FNF:2
FNH:2
FNDA:1,(anonymous_0)
FNDA:1,(anonymous_1)
DA:1,1
DA:2,1
DA:34,1
DA:35,1
DA:36,1
DA:37,1
DA:40,1
LF:7
LH:7
BRF:0
BRH:0
end_of_record
TN:
SF:models/cssys_schedule/User.js
FN:2,(anonymous_0)
FN:44,(anonymous_1)
FNF:2
FNH:2
FNDA:1,(anonymous_0)
FNDA:1,(anonymous_1)
DA:2,1
DA:3,1
DA:44,1
DA:45,1
DA:46,1
DA:47,1
DA:50,1
LF:7
LH:7
BRF:0
BRH:0
end_of_record
TN:
SF:models/cssys_work/Permission.js
FN:1,(anonymous_0)
FN:31,(anonymous_1)
FNF:2
FNH:2
FNDA:1,(anonymous_0)
FNDA:1,(anonymous_1)
DA:1,1
DA:2,1
DA:31,1
DA:32,1
DA:35,1
DA:38,1
DA:41,1
DA:42,1
DA:45,1
LF:9
LH:9
BRF:0
BRH:0
end_of_record
TN:
SF:models/cssys_work/Prof.js
FN:1,(anonymous_0)
FN:7,(anonymous_1)
FNF:2
FNH:2
FNDA:1,(anonymous_0)
FNDA:1,(anonymous_1)
DA:1,1
DA:2,1
DA:7,1
DA:8,1
DA:9,1
DA:10,1
DA:11,1
DA:15,1
DA:19,1
DA:25,1
LF:10
LH:10
BRF:0
BRH:0
end_of_record
TN:
SF:models/cssys_work/ScheduleLog.js
FN:1,(anonymous_0)
FNF:1
FNH:1
FNDA:1,(anonymous_0)
DA:1,1
DA:2,1
DA:15,1
LF:3
LH:3
BRF:0
BRH:0
end_of_record
TN:
SF:models/cssys_work/Student.js
FN:1,(anonymous_0)
FN:97,(anonymous_1)
FNF:2
FNH:2
FNDA:1,(anonymous_0)
FNDA:1,(anonymous_1)
DA:1,1
DA:2,1
DA:97,1
DA:98,1
DA:99,1
DA:100,1
DA:101,1
DA:102,1
DA:103,1
DA:106,1
DA:109,1
DA:112,1
DA:115,1
DA:118,1
DA:121,1
DA:126,1
LF:16
LH:16
BRF:0
BRH:0
end_of_record
TN:
SF:models/cssys_work/StudentFile.js
FN:1,(anonymous_0)
FN:34,(anonymous_1)
FNF:2
FNH:2
FNDA:1,(anonymous_0)
FNDA:1,(anonymous_1)
DA:1,1
DA:2,1
DA:34,1
DA:35,1
DA:38,1
LF:5
LH:5
BRF:0
BRH:0
end_of_record
TN:
SF:models/cssys_work/StudentInfo.js
FN:1,(anonymous_0)
FN:108,(anonymous_1)
FNF:2
FNH:2
FNDA:1,(anonymous_0)
FNDA:1,(anonymous_1)
DA:1,1
DA:2,1
DA:108,1
DA:109,1
DA:110,1
DA:113,1
LF:6
LH:6
BRF:0
BRH:0
end_of_record
TN:
SF:models/cssys_work/System.js
FN:1,(anonymous_0)
FN:26,(anonymous_1)
FNF:2
FNH:2
FNDA:1,(anonymous_0)
FNDA:1,(anonymous_1)
DA:1,1
DA:2,1
DA:26,1
DA:27,1
DA:30,1
LF:5
LH:5
BRF:0
BRH:0
end_of_record
TN:
SF:models/cssys_work/User.js
FN:2,(anonymous_0)
FN:44,(anonymous_1)
FNF:2
FNH:2
FNDA:1,(anonymous_0)
FNDA:1,(anonymous_1)
DA:2,1
DA:3,1
DA:44,1
DA:45,1
DA:46,1
DA:47,1
DA:48,1
DA:51,1
LF:8
LH:8
BRF:0
BRH:0
end_of_record
